{"meta": {"format": 3, "version": "7.10.7", "timestamp": "2025-10-15T23:07:55.012922", "branch_coverage": false, "show_contexts": false}, "files": {"app/__init__.py": {"executed_lines": [1, 7, 8, 11, 12, 13, 14, 15, 16, 17, 18, 19, 20, 21, 24, 27, 39, 51, 54, 57, 69, 77, 80, 83], "summary": {"covered_lines": 23, "num_statements": 23, "percent_covered": 100.0, "percent_covered_display": "100", "missing_lines": 0, "excluded_lines": 1}, "missing_lines": [], "excluded_lines": [1], "functions": {"": {"executed_lines": [1, 7, 8, 11, 12, 13, 14, 15, 16, 17, 18, 19, 20, 21, 24, 27, 39, 51, 54, 57, 69, 77, 80, 83], "summary": {"covered_lines": 23, "num_statements": 23, "percent_covered": 100.0, "percent_covered_display": "100", "missing_lines": 0, "excluded_lines": 1}, "missing_lines": [], "excluded_lines": [1]}}, "classes": {"": {"executed_lines": [1, 7, 8, 11, 12, 13, 14, 15, 16, 17, 18, 19, 20, 21, 24, 27, 39, 51, 54, 57, 69, 77, 80, 83], "summary": {"covered_lines": 23, "num_statements": 23, "percent_covered": 100.0, "percent_covered_display": "100", "missing_lines": 0, "excluded_lines": 1}, "missing_lines": [], "excluded_lines": [1]}}}, "app/api/__init__.py": {"executed_lines": [0], "summary": {"covered_lines": 0, "num_statements": 0, "percent_covered": 100.0, "percent_covered_display": "100", "missing_lines": 0, "excluded_lines": 0}, "missing_lines": [], "excluded_lines": [], "functions": {"": {"executed_lines": [], "summary": {"covered_lines": 0, "num_statements": 0, "percent_covered": 100.0, "percent_covered_display": "100", "missing_lines": 0, "excluded_lines": 0}, "missing_lines": [], "excluded_lines": []}}, "classes": {"": {"executed_lines": [], "summary": {"covered_lines": 0, "num_statements": 0, "percent_covered": 100.0, "percent_covered_display": "100", "missing_lines": 0, "excluded_lines": 0}, "missing_lines": [], "excluded_lines": []}}}, "app/api/api_v1/api.py": {"executed_lines": [1, 3, 20, 23, 24, 25, 28, 31, 32, 33, 34, 39, 40, 43, 46, 49, 52], "summary": {"covered_lines": 16, "num_statements": 16, "percent_covered": 100.0, "percent_covered_display": "100", "missing_lines": 0, "excluded_lines": 2}, "missing_lines": [], "excluded_lines": [1, 2], "functions": {"": {"executed_lines": [1, 3, 20, 23, 24, 25, 28, 31, 32, 33, 34, 39, 40, 43, 46, 49, 52], "summary": {"covered_lines": 16, "num_statements": 16, "percent_covered": 100.0, "percent_covered_display": "100", "missing_lines": 0, "excluded_lines": 2}, "missing_lines": [], "excluded_lines": [1, 2]}}, "classes": {"": {"executed_lines": [1, 3, 20, 23, 24, 25, 28, 31, 32, 33, 34, 39, 40, 43, 46, 49, 52], "summary": {"covered_lines": 16, "num_statements": 16, "percent_covered": 100.0, "percent_covered_display": "100", "missing_lines": 0, "excluded_lines": 2}, "missing_lines": [], "excluded_lines": [1, 2]}}}, "app/api/api_v1/endpoints/__init__.py": {"executed_lines": [1, 3, 4, 5, 6, 8], "summary": {"covered_lines": 5, "num_statements": 5, "percent_covered": 100.0, "percent_covered_display": "100", "missing_lines": 0, "excluded_lines": 1}, "missing_lines": [], "excluded_lines": [1], "functions": {"": {"executed_lines": [1, 3, 4, 5, 6, 8], "summary": {"covered_lines": 5, "num_statements": 5, "percent_covered": 100.0, "percent_covered_display": "100", "missing_lines": 0, "excluded_lines": 1}, "missing_lines": [], "excluded_lines": [1]}}, "classes": {"": {"executed_lines": [1, 3, 4, 5, 6, 8], "summary": {"covered_lines": 5, "num_statements": 5, "percent_covered": 100.0, "percent_covered_display": "100", "missing_lines": 0, "excluded_lines": 1}, "missing_lines": [], "excluded_lines": [1]}}}, "app/api/api_v1/endpoints/auth.py": {"executed_lines": [1, 2, 4, 5, 6, 8, 9, 10, 11, 12, 13, 15, 19, 22, 23, 25, 28, 29, 97, 98, 174, 175, 238, 239, 244, 245, 254, 255, 329, 330, 389, 390], "summary": {"covered_lines": 24, "num_statements": 147, "percent_covered": 16.3265306122449, "percent_covered_display": "16", "missing_lines": 123, "excluded_lines": 30}, "missing_lines": [37, 41, 42, 44, 45, 46, 48, 49, 55, 56, 57, 59, 60, 61, 62, 68, 69, 74, 75, 80, 81, 85, 86, 90, 105, 109, 110, 112, 113, 114, 116, 117, 123, 126, 131, 140, 141, 142, 145, 147, 148, 149, 150, 151, 157, 158, 162, 163, 167, 192, 193, 194, 201, 202, 203, 210, 211, 212, 215, 216, 221, 222, 226, 227, 231, 241, 247, 263, 267, 268, 270, 271, 272, 274, 275, 281, 282, 283, 285, 286, 287, 288, 294, 295, 296, 300, 301, 306, 307, 312, 313, 317, 318, 322, 338, 339, 342, 343, 344, 346, 347, 353, 354, 355, 356, 357, 360, 361, 366, 367, 372, 373, 377, 378, 382, 407, 408, 409, 415, 416, 417, 423, 425], "excluded_lines": [1, 2, 3, 5, 6, 7, 9, 10, 11, 12, 30, 36, 38, 39, 99, 104, 106, 107, 178, 240, 246, 256, 260, 261, 262, 264, 265, 334, 337, 393], "functions": {"login": {"executed_lines": [], "summary": {"covered_lines": 0, "num_statements": 24, "percent_covered": 0.0, "percent_covered_display": "0", "missing_lines": 24, "excluded_lines": 4}, "missing_lines": [37, 41, 42, 44, 45, 46, 48, 49, 55, 56, 57, 59, 60, 61, 62, 68, 69, 74, 75, 80, 81, 85, 86, 90], "excluded_lines": [30, 36, 38, 39]}, "register": {"executed_lines": [], "summary": {"covered_lines": 0, "num_statements": 8, "percent_covered": 0.0, "percent_covered_display": "0", "missing_lines": 8, "excluded_lines": 1}, "missing_lines": [407, 408, 409, 415, 416, 417, 423, 425], "excluded_lines": [393]}, "refresh_token": {"executed_lines": [], "summary": {"covered_lines": 0, "num_statements": 16, "percent_covered": 0.0, "percent_covered_display": "0", "missing_lines": 16, "excluded_lines": 1}, "missing_lines": [192, 193, 194, 201, 202, 203, 210, 211, 212, 215, 216, 221, 222, 226, 227, 231], "excluded_lines": [178]}, "test_simple": {"executed_lines": [], "summary": {"covered_lines": 0, "num_statements": 1, "percent_covered": 0.0, "percent_covered_display": "0", "missing_lines": 1, "excluded_lines": 1}, "missing_lines": [241], "excluded_lines": [240]}, "test_login_minimal": {"executed_lines": [], "summary": {"covered_lines": 0, "num_statements": 1, "percent_covered": 0.0, "percent_covered_display": "0", "missing_lines": 1, "excluded_lines": 1}, "missing_lines": [247], "excluded_lines": [246]}, "login_working": {"executed_lines": [], "summary": {"covered_lines": 0, "num_statements": 27, "percent_covered": 0.0, "percent_covered_display": "0", "missing_lines": 27, "excluded_lines": 6}, "missing_lines": [263, 267, 268, 270, 271, 272, 274, 275, 281, 282, 283, 285, 286, 287, 288, 294, 295, 296, 300, 301, 306, 307, 312, 313, 317, 318, 322], "excluded_lines": [256, 260, 261, 262, 264, 265]}, "simple_login": {"executed_lines": [], "summary": {"covered_lines": 0, "num_statements": 21, "percent_covered": 0.0, "percent_covered_display": "0", "missing_lines": 21, "excluded_lines": 2}, "missing_lines": [338, 339, 342, 343, 344, 346, 347, 353, 354, 355, 356, 357, 360, 361, 366, 367, 372, 373, 377, 378, 382], "excluded_lines": [334, 337]}, "": {"executed_lines": [1, 2, 4, 5, 6, 8, 9, 10, 11, 12, 13, 15, 19, 22, 23, 25, 28, 29, 97, 98, 174, 175, 238, 239, 244, 245, 254, 255, 329, 330, 389, 390], "summary": {"covered_lines": 24, "num_statements": 24, "percent_covered": 100.0, "percent_covered_display": "100", "missing_lines": 0, "excluded_lines": 10}, "missing_lines": [], "excluded_lines": [1, 2, 3, 5, 6, 7, 9, 10, 11, 12]}}, "classes": {"": {"executed_lines": [1, 2, 4, 5, 6, 8, 9, 10, 11, 12, 13, 15, 19, 22, 23, 25, 28, 29, 97, 98, 174, 175, 238, 239, 244, 245, 254, 255, 329, 330, 389, 390], "summary": {"covered_lines": 24, "num_statements": 147, "percent_covered": 16.3265306122449, "percent_covered_display": "16", "missing_lines": 123, "excluded_lines": 30}, "missing_lines": [37, 41, 42, 44, 45, 46, 48, 49, 55, 56, 57, 59, 60, 61, 62, 68, 69, 74, 75, 80, 81, 85, 86, 90, 105, 109, 110, 112, 113, 114, 116, 117, 123, 126, 131, 140, 141, 142, 145, 147, 148, 149, 150, 151, 157, 158, 162, 163, 167, 192, 193, 194, 201, 202, 203, 210, 211, 212, 215, 216, 221, 222, 226, 227, 231, 241, 247, 263, 267, 268, 270, 271, 272, 274, 275, 281, 282, 283, 285, 286, 287, 288, 294, 295, 296, 300, 301, 306, 307, 312, 313, 317, 318, 322, 338, 339, 342, 343, 344, 346, 347, 353, 354, 355, 356, 357, 360, 361, 366, 367, 372, 373, 377, 378, 382, 407, 408, 409, 415, 416, 417, 423, 425], "excluded_lines": [1, 2, 3, 5, 6, 7, 9, 10, 11, 12, 30, 36, 38, 39, 99, 104, 106, 107, 178, 240, 246, 256, 260, 261, 262, 264, 265, 334, 337, 393]}}}, "app/api/api_v1/endpoints/builder.py": {"executed_lines": [1, 8, 9, 10, 11, 13, 14, 15, 16, 20, 22, 23, 26, 119, 179, 184, 185, 251, 256, 257, 280, 285, 286], "summary": {"covered_lines": 14, "num_statements": 19, "percent_covered": 73.6842105263158, "percent_covered_display": "74", "missing_lines": 5, "excluded_lines": 164}, "missing_lines": [193, 248, 265, 277, 292], "excluded_lines": [1, 7, 8, 11, 12, 13, 14, 15, 20, 21, 26, 27, 28, 29, 30, 31, 32, 33, 34, 35, 36, 37, 38, 39, 40, 41, 42, 43, 44, 45, 46, 47, 48, 49, 50, 51, 52, 53, 54, 55, 56, 57, 58, 59, 60, 61, 62, 63, 64, 65, 66, 67, 68, 69, 70, 71, 72, 73, 74, 75, 76, 77, 78, 79, 80, 81, 82, 83, 84, 85, 86, 87, 88, 89, 90, 91, 92, 93, 94, 95, 96, 97, 98, 99, 100, 101, 102, 103, 104, 105, 106, 107, 108, 109, 110, 111, 112, 113, 114, 115, 116, 117, 118, 119, 120, 121, 122, 123, 124, 125, 126, 127, 128, 129, 130, 131, 132, 133, 134, 135, 136, 137, 138, 139, 140, 141, 142, 143, 144, 145, 146, 147, 148, 149, 150, 151, 152, 153, 154, 155, 156, 157, 158, 159, 160, 161, 162, 163, 164, 165, 166, 167, 168, 169, 170, 171, 172, 173, 174, 175, 176, 190, 262, 291], "functions": {"optimize_composition_endpoint": {"executed_lines": [], "summary": {"covered_lines": 0, "num_statements": 0, "percent_covered": 100.0, "percent_covered_display": "100", "missing_lines": 0, "excluded_lines": 53}, "missing_lines": [], "excluded_lines": [124, 125, 126, 127, 128, 129, 130, 131, 132, 133, 134, 135, 136, 137, 138, 139, 140, 141, 142, 143, 144, 145, 146, 147, 148, 149, 150, 151, 152, 153, 154, 155, 156, 157, 158, 159, 160, 161, 162, 163, 164, 165, 166, 167, 168, 169, 170, 171, 172, 173, 174, 175, 176]}, "get_game_modes": {"executed_lines": [], "summary": {"covered_lines": 0, "num_statements": 2, "percent_covered": 0.0, "percent_covered_display": "0", "missing_lines": 2, "excluded_lines": 1}, "missing_lines": [193, 248], "excluded_lines": [190]}, "get_available_professions": {"executed_lines": [], "summary": {"covered_lines": 0, "num_statements": 2, "percent_covered": 0.0, "percent_covered_display": "0", "missing_lines": 2, "excluded_lines": 1}, "missing_lines": [265, 277], "excluded_lines": [262]}, "get_available_roles": {"executed_lines": [], "summary": {"covered_lines": 0, "num_statements": 1, "percent_covered": 0.0, "percent_covered_display": "0", "missing_lines": 1, "excluded_lines": 1}, "missing_lines": [292], "excluded_lines": [291]}, "": {"executed_lines": [1, 8, 9, 10, 11, 13, 14, 15, 16, 20, 22, 23, 26, 119, 179, 184, 185, 251, 256, 257, 280, 285, 286], "summary": {"covered_lines": 14, "num_statements": 14, "percent_covered": 100.0, "percent_covered_display": "100", "missing_lines": 0, "excluded_lines": 108}, "missing_lines": [], "excluded_lines": [1, 7, 8, 11, 12, 13, 14, 15, 20, 21, 26, 27, 28, 29, 30, 31, 32, 33, 34, 35, 36, 37, 38, 39, 40, 41, 42, 43, 44, 45, 46, 47, 48, 49, 50, 51, 52, 53, 54, 55, 56, 57, 58, 59, 60, 61, 62, 63, 64, 65, 66, 67, 68, 69, 70, 71, 72, 73, 74, 75, 76, 77, 78, 79, 80, 81, 82, 83, 84, 85, 86, 87, 88, 89, 90, 91, 92, 93, 94, 95, 96, 97, 98, 99, 100, 101, 102, 103, 104, 105, 106, 107, 108, 109, 110, 111, 112, 113, 114, 115, 116, 117, 118, 119, 120, 121, 122, 123]}}, "classes": {"": {"executed_lines": [1, 8, 9, 10, 11, 13, 14, 15, 16, 20, 22, 23, 26, 119, 179, 184, 185, 251, 256, 257, 280, 285, 286], "summary": {"covered_lines": 14, "num_statements": 19, "percent_covered": 73.6842105263158, "percent_covered_display": "74", "missing_lines": 5, "excluded_lines": 164}, "missing_lines": [193, 248, 265, 277, 292], "excluded_lines": [1, 7, 8, 11, 12, 13, 14, 15, 20, 21, 26, 27, 28, 29, 30, 31, 32, 33, 34, 35, 36, 37, 38, 39, 40, 41, 42, 43, 44, 45, 46, 47, 48, 49, 50, 51, 52, 53, 54, 55, 56, 57, 58, 59, 60, 61, 62, 63, 64, 65, 66, 67, 68, 69, 70, 71, 72, 73, 74, 75, 76, 77, 78, 79, 80, 81, 82, 83, 84, 85, 86, 87, 88, 89, 90, 91, 92, 93, 94, 95, 96, 97, 98, 99, 100, 101, 102, 103, 104, 105, 106, 107, 108, 109, 110, 111, 112, 113, 114, 115, 116, 117, 118, 119, 120, 121, 122, 123, 124, 125, 126, 127, 128, 129, 130, 131, 132, 133, 134, 135, 136, 137, 138, 139, 140, 141, 142, 143, 144, 145, 146, 147, 148, 149, 150, 151, 152, 153, 154, 155, 156, 157, 158, 159, 160, 161, 162, 163, 164, 165, 166, 167, 168, 169, 170, 171, 172, 173, 174, 175, 176, 190, 262, 291]}}}, "app/api/api_v1/endpoints/builds.py": {"executed_lines": [1, 2, 4, 14, 15, 16, 17, 18, 19, 20, 22, 24, 36, 46, 59, 66, 106, 147, 160, 411, 421, 422, 451, 462, 503, 513, 544, 552], "summary": {"covered_lines": 22, "num_statements": 109, "percent_covered": 20.18348623853211, "percent_covered_display": "20", "missing_lines": 87, "excluded_lines": 15}, "missing_lines": [127, 128, 131, 134, 139, 182, 183, 185, 187, 188, 189, 190, 191, 194, 195, 196, 197, 199, 200, 202, 203, 204, 205, 210, 211, 215, 216, 217, 222, 227, 228, 232, 233, 238, 240, 242, 245, 250, 252, 253, 254, 260, 265, 267, 268, 270, 272, 273, 274, 282, 285, 346, 350, 351, 352, 431, 432, 433, 439, 444, 448, 478, 479, 480, 486, 487, 493, 496, 497, 498, 500, 522, 523, 524, 530, 531, 537, 538, 539, 541, 568, 573, 574, 575, 580, 583, 585], "excluded_lines": [2, 3, 14, 15, 16, 17, 19, 116, 171, 280, 281, 428, 473, 519, 558], "functions": {"generate_build": {"executed_lines": [], "summary": {"covered_lines": 0, "num_statements": 5, "percent_covered": 0.0, "percent_covered_display": "0", "missing_lines": 5, "excluded_lines": 1}, "missing_lines": [127, 128, 131, 134, 139], "excluded_lines": [116]}, "create_build": {"executed_lines": [], "summary": {"covered_lines": 0, "num_statements": 50, "percent_covered": 0.0, "percent_covered_display": "0", "missing_lines": 50, "excluded_lines": 3}, "missing_lines": [182, 183, 185, 187, 188, 189, 190, 191, 194, 195, 196, 197, 199, 200, 202, 203, 204, 205, 210, 211, 215, 216, 217, 222, 227, 228, 232, 233, 238, 240, 242, 245, 250, 252, 253, 254, 260, 265, 267, 268, 270, 272, 273, 274, 282, 285, 346, 350, 351, 352], "excluded_lines": [171, 280, 281]}, "read_build": {"executed_lines": [], "summary": {"covered_lines": 0, "num_statements": 6, "percent_covered": 0.0, "percent_covered_display": "0", "missing_lines": 6, "excluded_lines": 1}, "missing_lines": [431, 432, 433, 439, 444, 448], "excluded_lines": [428]}, "update_build": {"executed_lines": [], "summary": {"covered_lines": 0, "num_statements": 10, "percent_covered": 0.0, "percent_covered_display": "0", "missing_lines": 10, "excluded_lines": 1}, "missing_lines": [478, 479, 480, 486, 487, 493, 496, 497, 498, 500], "excluded_lines": [473]}, "delete_build": {"executed_lines": [], "summary": {"covered_lines": 0, "num_statements": 9, "percent_covered": 0.0, "percent_covered_display": "0", "missing_lines": 9, "excluded_lines": 1}, "missing_lines": [522, 523, 524, 530, 531, 537, 538, 539, 541], "excluded_lines": [519]}, "read_builds": {"executed_lines": [], "summary": {"covered_lines": 0, "num_statements": 7, "percent_covered": 0.0, "percent_covered_display": "0", "missing_lines": 7, "excluded_lines": 1}, "missing_lines": [568, 573, 574, 575, 580, 583, 585], "excluded_lines": [558]}, "": {"executed_lines": [1, 2, 4, 14, 15, 16, 17, 18, 19, 20, 22, 24, 36, 46, 59, 66, 106, 147, 160, 411, 421, 422, 451, 462, 503, 513, 544, 552], "summary": {"covered_lines": 22, "num_statements": 22, "percent_covered": 100.0, "percent_covered_display": "100", "missing_lines": 0, "excluded_lines": 7}, "missing_lines": [], "excluded_lines": [2, 3, 14, 15, 16, 17, 19]}}, "classes": {"": {"executed_lines": [1, 2, 4, 14, 15, 16, 17, 18, 19, 20, 22, 24, 36, 46, 59, 66, 106, 147, 160, 411, 421, 422, 451, 462, 503, 513, 544, 552], "summary": {"covered_lines": 22, "num_statements": 109, "percent_covered": 20.18348623853211, "percent_covered_display": "20", "missing_lines": 87, "excluded_lines": 15}, "missing_lines": [127, 128, 131, 134, 139, 182, 183, 185, 187, 188, 189, 190, 191, 194, 195, 196, 197, 199, 200, 202, 203, 204, 205, 210, 211, 215, 216, 217, 222, 227, 228, 232, 233, 238, 240, 242, 245, 250, 252, 253, 254, 260, 265, 267, 268, 270, 272, 273, 274, 282, 285, 346, 350, 351, 352, 431, 432, 433, 439, 444, 448, 478, 479, 480, 486, 487, 493, 496, 497, 498, 500, 522, 523, 524, 530, 531, 537, 538, 539, 541, 568, 573, 574, 575, 580, 583, 585], "excluded_lines": [2, 3, 14, 15, 16, 17, 19, 116, 171, 280, 281, 428, 473, 519, 558]}}}, "app/api/api_v1/endpoints/compositions.py": {"executed_lines": [1, 3, 4, 5, 7, 8, 10, 13, 84, 128, 153, 154, 182, 183, 214, 215, 238, 239, 275, 276], "summary": {"covered_lines": 18, "num_statements": 103, "percent_covered": 17.475728155339805, "percent_covered_display": "17", "missing_lines": 85, "excluded_lines": 9}, "missing_lines": [17, 25, 26, 28, 29, 39, 40, 41, 42, 47, 48, 53, 69, 91, 94, 95, 96, 97, 103, 104, 105, 106, 112, 116, 119, 120, 125, 134, 140, 141, 142, 145, 146, 147, 148, 164, 165, 166, 169, 170, 171, 172, 173, 176, 177, 179, 194, 197, 198, 201, 202, 209, 210, 211, 223, 224, 225, 228, 233, 235, 249, 250, 251, 254, 255, 258, 259, 260, 263, 264, 265, 266, 268, 269, 270, 272, 284, 285, 286, 289, 290, 293, 300, 301, 303], "excluded_lines": [5, 6, 7, 87, 160, 191, 220, 246, 281], "functions": {"_composition_to_schema": {"executed_lines": [], "summary": {"covered_lines": 0, "num_statements": 13, "percent_covered": 0.0, "percent_covered_display": "0", "missing_lines": 13, "excluded_lines": 0}, "missing_lines": [17, 25, 26, 28, 29, 39, 40, 41, 42, 47, 48, 53, 69], "excluded_lines": []}, "_validate_member_refs": {"executed_lines": [], "summary": {"covered_lines": 0, "num_statements": 14, "percent_covered": 0.0, "percent_covered_display": "0", "missing_lines": 14, "excluded_lines": 1}, "missing_lines": [91, 94, 95, 96, 97, 103, 104, 105, 106, 112, 116, 119, 120, 125], "excluded_lines": [87]}, "_upsert_members": {"executed_lines": [], "summary": {"covered_lines": 0, "num_statements": 8, "percent_covered": 0.0, "percent_covered_display": "0", "missing_lines": 8, "excluded_lines": 0}, "missing_lines": [134, 140, 141, 142, 145, 146, 147, 148], "excluded_lines": []}, "create_composition": {"executed_lines": [], "summary": {"covered_lines": 0, "num_statements": 11, "percent_covered": 0.0, "percent_covered_display": "0", "missing_lines": 11, "excluded_lines": 1}, "missing_lines": [164, 165, 166, 169, 170, 171, 172, 173, 176, 177, 179], "excluded_lines": [160]}, "read_compositions": {"executed_lines": [], "summary": {"covered_lines": 0, "num_statements": 8, "percent_covered": 0.0, "percent_covered_display": "0", "missing_lines": 8, "excluded_lines": 1}, "missing_lines": [194, 197, 198, 201, 202, 209, 210, 211], "excluded_lines": [191]}, "read_composition": {"executed_lines": [], "summary": {"covered_lines": 0, "num_statements": 6, "percent_covered": 0.0, "percent_covered_display": "0", "missing_lines": 6, "excluded_lines": 1}, "missing_lines": [223, 224, 225, 228, 233, 235], "excluded_lines": [220]}, "update_composition": {"executed_lines": [], "summary": {"covered_lines": 0, "num_statements": 16, "percent_covered": 0.0, "percent_covered_display": "0", "missing_lines": 16, "excluded_lines": 1}, "missing_lines": [249, 250, 251, 254, 255, 258, 259, 260, 263, 264, 265, 266, 268, 269, 270, 272], "excluded_lines": [246]}, "delete_composition": {"executed_lines": [], "summary": {"covered_lines": 0, "num_statements": 9, "percent_covered": 0.0, "percent_covered_display": "0", "missing_lines": 9, "excluded_lines": 1}, "missing_lines": [284, 285, 286, 289, 290, 293, 300, 301, 303], "excluded_lines": [281]}, "": {"executed_lines": [1, 3, 4, 5, 7, 8, 10, 13, 84, 128, 153, 154, 182, 183, 214, 215, 238, 239, 275, 276], "summary": {"covered_lines": 18, "num_statements": 18, "percent_covered": 100.0, "percent_covered_display": "100", "missing_lines": 0, "excluded_lines": 3}, "missing_lines": [], "excluded_lines": [5, 6, 7]}}, "classes": {"": {"executed_lines": [1, 3, 4, 5, 7, 8, 10, 13, 84, 128, 153, 154, 182, 183, 214, 215, 238, 239, 275, 276], "summary": {"covered_lines": 18, "num_statements": 103, "percent_covered": 17.475728155339805, "percent_covered_display": "17", "missing_lines": 85, "excluded_lines": 9}, "missing_lines": [17, 25, 26, 28, 29, 39, 40, 41, 42, 47, 48, 53, 69, 91, 94, 95, 96, 97, 103, 104, 105, 106, 112, 116, 119, 120, 125, 134, 140, 141, 142, 145, 146, 147, 148, 164, 165, 166, 169, 170, 171, 172, 173, 176, 177, 179, 194, 197, 198, 201, 202, 209, 210, 211, 223, 224, 225, 228, 233, 235, 249, 250, 251, 254, 255, 258, 259, 260, 263, 264, 265, 266, 268, 269, 270, 272, 284, 285, 286, 289, 290, 293, 300, 301, 303], "excluded_lines": [5, 6, 7, 87, 160, 191, 220, 246, 281]}}}, "app/api/api_v1/endpoints/dashboard.py": {"executed_lines": [1, 5, 6, 8, 9, 10, 11, 13, 14, 16, 19, 20, 22, 23, 24, 25, 28, 29, 31, 32, 33, 34, 35, 38, 39, 84, 85], "summary": {"covered_lines": 10, "num_statements": 42, "percent_covered": 23.80952380952381, "percent_covered_display": "24", "missing_lines": 32, "excluded_lines": 27}, "missing_lines": [47, 50, 51, 54, 57, 58, 61, 64, 65, 68, 69, 73, 74, 76, 94, 97, 103, 104, 106, 107, 122, 128, 129, 131, 132, 147, 153, 154, 156, 157, 172, 175], "excluded_lines": [1, 9, 11, 12, 14, 15, 17, 18, 19, 20, 21, 22, 23, 24, 25, 26, 27, 28, 29, 30, 31, 32, 33, 34, 35, 43, 90], "functions": {"get_dashboard_stats": {"executed_lines": [], "summary": {"covered_lines": 0, "num_statements": 14, "percent_covered": 0.0, "percent_covered_display": "0", "missing_lines": 14, "excluded_lines": 1}, "missing_lines": [47, 50, 51, 54, 57, 58, 61, 64, 65, 68, 69, 73, 74, 76], "excluded_lines": [43]}, "get_recent_activities": {"executed_lines": [], "summary": {"covered_lines": 0, "num_statements": 18, "percent_covered": 0.0, "percent_covered_display": "0", "missing_lines": 18, "excluded_lines": 1}, "missing_lines": [94, 97, 103, 104, 106, 107, 122, 128, 129, 131, 132, 147, 153, 154, 156, 157, 172, 175], "excluded_lines": [90]}, "": {"executed_lines": [1, 5, 6, 8, 9, 10, 11, 13, 14, 16, 19, 20, 22, 23, 24, 25, 28, 29, 31, 32, 33, 34, 35, 38, 39, 84, 85], "summary": {"covered_lines": 10, "num_statements": 10, "percent_covered": 100.0, "percent_covered_display": "100", "missing_lines": 0, "excluded_lines": 25}, "missing_lines": [], "excluded_lines": [1, 9, 11, 12, 14, 15, 17, 18, 19, 20, 21, 22, 23, 24, 25, 26, 27, 28, 29, 30, 31, 32, 33, 34, 35]}}, "classes": {"DashboardStats": {"executed_lines": [], "summary": {"covered_lines": 0, "num_statements": 0, "percent_covered": 100.0, "percent_covered_display": "100", "missing_lines": 0, "excluded_lines": 0}, "missing_lines": [], "excluded_lines": []}, "RecentActivity": {"executed_lines": [], "summary": {"covered_lines": 0, "num_statements": 0, "percent_covered": 100.0, "percent_covered_display": "100", "missing_lines": 0, "excluded_lines": 0}, "missing_lines": [], "excluded_lines": []}, "": {"executed_lines": [1, 5, 6, 8, 9, 10, 11, 13, 14, 16, 19, 20, 22, 23, 24, 25, 28, 29, 31, 32, 33, 34, 35, 38, 39, 84, 85], "summary": {"covered_lines": 10, "num_statements": 42, "percent_covered": 23.80952380952381, "percent_covered_display": "24", "missing_lines": 32, "excluded_lines": 27}, "missing_lines": [47, 50, 51, 54, 57, 58, 61, 64, 65, 68, 69, 73, 74, 76, 94, 97, 103, 104, 106, 107, 122, 128, 129, 131, 132, 147, 153, 154, 156, 157, 172, 175], "excluded_lines": [1, 9, 11, 12, 14, 15, 17, 18, 19, 20, 21, 22, 23, 24, 25, 26, 27, 28, 29, 30, 31, 32, 33, 34, 35, 43, 90]}}}, "app/api/api_v1/endpoints/gw2.py": {"executed_lines": [1, 7, 9, 11, 12, 13, 19, 22, 23, 44, 45, 66, 67, 98, 99, 121, 122, 134, 135], "summary": {"covered_lines": 16, "num_statements": 58, "percent_covered": 27.586206896551722, "percent_covered_display": "28", "missing_lines": 42, "excluded_lines": 10}, "missing_lines": [29, 30, 31, 32, 33, 37, 38, 51, 52, 53, 54, 55, 59, 60, 78, 79, 80, 81, 82, 86, 87, 91, 92, 106, 107, 108, 109, 110, 114, 115, 124, 125, 126, 127, 128, 144, 145, 146, 147, 148, 152, 153], "excluded_lines": [1, 10, 11, 12, 24, 46, 70, 100, 123, 138], "functions": {"get_account_info": {"executed_lines": [], "summary": {"covered_lines": 0, "num_statements": 7, "percent_covered": 0.0, "percent_covered_display": "0", "missing_lines": 7, "excluded_lines": 1}, "missing_lines": [29, 30, 31, 32, 33, 37, 38], "excluded_lines": [24]}, "list_characters": {"executed_lines": [], "summary": {"covered_lines": 0, "num_statements": 7, "percent_covered": 0.0, "percent_covered_display": "0", "missing_lines": 7, "excluded_lines": 1}, "missing_lines": [51, 52, 53, 54, 55, 59, 60], "excluded_lines": [46]}, "get_character": {"executed_lines": [], "summary": {"covered_lines": 0, "num_statements": 9, "percent_covered": 0.0, "percent_covered_display": "0", "missing_lines": 9, "excluded_lines": 1}, "missing_lines": [78, 79, 80, 81, 82, 86, 87, 91, 92], "excluded_lines": [70]}, "get_item": {"executed_lines": [], "summary": {"covered_lines": 0, "num_statements": 7, "percent_covered": 0.0, "percent_covered_display": "0", "missing_lines": 7, "excluded_lines": 1}, "missing_lines": [106, 107, 108, 109, 110, 114, 115], "excluded_lines": [100]}, "list_professions": {"executed_lines": [], "summary": {"covered_lines": 0, "num_statements": 5, "percent_covered": 0.0, "percent_covered_display": "0", "missing_lines": 5, "excluded_lines": 1}, "missing_lines": [124, 125, 126, 127, 128], "excluded_lines": [123]}, "get_profession": {"executed_lines": [], "summary": {"covered_lines": 0, "num_statements": 7, "percent_covered": 0.0, "percent_covered_display": "0", "missing_lines": 7, "excluded_lines": 1}, "missing_lines": [144, 145, 146, 147, 148, 152, 153], "excluded_lines": [138]}, "": {"executed_lines": [1, 7, 9, 11, 12, 13, 19, 22, 23, 44, 45, 66, 67, 98, 99, 121, 122, 134, 135], "summary": {"covered_lines": 16, "num_statements": 16, "percent_covered": 100.0, "percent_covered_display": "100", "missing_lines": 0, "excluded_lines": 4}, "missing_lines": [], "excluded_lines": [1, 10, 11, 12]}}, "classes": {"": {"executed_lines": [1, 7, 9, 11, 12, 13, 19, 22, 23, 44, 45, 66, 67, 98, 99, 121, 122, 134, 135], "summary": {"covered_lines": 16, "num_statements": 58, "percent_covered": 27.586206896551722, "percent_covered_display": "28", "missing_lines": 42, "excluded_lines": 10}, "missing_lines": [29, 30, 31, 32, 33, 37, 38, 51, 52, 53, 54, 55, 59, 60, 78, 79, 80, 81, 82, 86, 87, 91, 92, 106, 107, 108, 109, 110, 114, 115, 124, 125, 126, 127, 128, 144, 145, 146, 147, 148, 152, 153], "excluded_lines": [1, 10, 11, 12, 24, 46, 70, 100, 123, 138]}}}, "app/api/api_v1/endpoints/health.py": {"executed_lines": [1, 3, 4, 5, 6, 8, 10, 13, 14], "summary": {"covered_lines": 4, "num_statements": 10, "percent_covered": 40.0, "percent_covered_display": "40", "missing_lines": 6, "excluded_lines": 8}, "missing_lines": [22, 24, 25, 26, 27, 29], "excluded_lines": [1, 4, 5, 6, 7, 8, 9, 15], "functions": {"health_check": {"executed_lines": [], "summary": {"covered_lines": 0, "num_statements": 6, "percent_covered": 0.0, "percent_covered_display": "0", "missing_lines": 6, "excluded_lines": 1}, "missing_lines": [22, 24, 25, 26, 27, 29], "excluded_lines": [15]}, "": {"executed_lines": [1, 3, 4, 5, 6, 8, 10, 13, 14], "summary": {"covered_lines": 4, "num_statements": 4, "percent_covered": 100.0, "percent_covered_display": "100", "missing_lines": 0, "excluded_lines": 7}, "missing_lines": [], "excluded_lines": [1, 4, 5, 6, 7, 8, 9]}}, "classes": {"": {"executed_lines": [1, 3, 4, 5, 6, 8, 10, 13, 14], "summary": {"covered_lines": 4, "num_statements": 10, "percent_covered": 40.0, "percent_covered_display": "40", "missing_lines": 6, "excluded_lines": 8}, "missing_lines": [22, 24, 25, 26, 27, 29], "excluded_lines": [1, 4, 5, 6, 7, 8, 9, 15]}}}, "app/api/api_v1/endpoints/metrics.py": {"executed_lines": [1, 5, 6, 7, 8, 10, 11, 12, 13, 15, 16, 19, 20, 44, 45, 66, 67], "summary": {"covered_lines": 10, "num_statements": 22, "percent_covered": 45.45454545454545, "percent_covered_display": "45", "missing_lines": 12, "excluded_lines": 12}, "missing_lines": [33, 34, 40, 41, 57, 58, 63, 79, 80, 86, 91, 93], "excluded_lines": [1, 6, 8, 9, 10, 11, 12, 13, 14, 23, 48, 70], "functions": {"get_db_metrics": {"executed_lines": [], "summary": {"covered_lines": 0, "num_statements": 4, "percent_covered": 0.0, "percent_covered_display": "0", "missing_lines": 4, "excluded_lines": 1}, "missing_lines": [33, 34, 40, 41], "excluded_lines": [23]}, "get_db_issues": {"executed_lines": [], "summary": {"covered_lines": 0, "num_statements": 3, "percent_covered": 0.0, "percent_covered_display": "0", "missing_lines": 3, "excluded_lines": 1}, "missing_lines": [57, 58, 63], "excluded_lines": [48]}, "get_db_status": {"executed_lines": [], "summary": {"covered_lines": 0, "num_statements": 5, "percent_covered": 0.0, "percent_covered_display": "0", "missing_lines": 5, "excluded_lines": 1}, "missing_lines": [79, 80, 86, 91, 93], "excluded_lines": [70]}, "": {"executed_lines": [1, 5, 6, 7, 8, 10, 11, 12, 13, 15, 16, 19, 20, 44, 45, 66, 67], "summary": {"covered_lines": 10, "num_statements": 10, "percent_covered": 100.0, "percent_covered_display": "100", "missing_lines": 0, "excluded_lines": 9}, "missing_lines": [], "excluded_lines": [1, 6, 8, 9, 10, 11, 12, 13, 14]}}, "classes": {"": {"executed_lines": [1, 5, 6, 7, 8, 10, 11, 12, 13, 15, 16, 19, 20, 44, 45, 66, 67], "summary": {"covered_lines": 10, "num_statements": 22, "percent_covered": 45.45454545454545, "percent_covered_display": "45", "missing_lines": 12, "excluded_lines": 12}, "missing_lines": [33, 34, 40, 41, 57, 58, 63, 79, 80, 86, 91, 93], "excluded_lines": [1, 6, 8, 9, 10, 11, 12, 13, 14, 23, 48, 70]}}}, "app/api/api_v1/endpoints/professions.py": {"executed_lines": [1, 3, 4, 6, 7, 8, 10, 14, 15, 27, 28, 47, 48, 63, 64, 85, 86, 105, 106, 134, 139, 187, 190, 203, 206, 254, 257], "summary": {"covered_lines": 24, "num_statements": 86, "percent_covered": 27.906976744186046, "percent_covered_display": "28", "missing_lines": 62, "excluded_lines": 15}, "missing_lines": [23, 24, 37, 38, 39, 43, 44, 55, 56, 57, 60, 74, 75, 76, 79, 82, 95, 96, 97, 100, 101, 122, 123, 124, 125, 126, 128, 131, 160, 161, 162, 167, 173, 174, 180, 183, 184, 197, 198, 199, 200, 219, 220, 221, 224, 225, 226, 227, 232, 233, 240, 241, 247, 250, 251, 269, 270, 271, 274, 275, 280, 282], "excluded_lines": [4, 5, 7, 8, 9, 20, 34, 52, 71, 92, 113, 145, 194, 213, 263], "functions": {"read_professions": {"executed_lines": [], "summary": {"covered_lines": 0, "num_statements": 2, "percent_covered": 0.0, "percent_covered_display": "0", "missing_lines": 2, "excluded_lines": 1}, "missing_lines": [23, 24], "excluded_lines": [20]}, "create_profession": {"executed_lines": [], "summary": {"covered_lines": 0, "num_statements": 5, "percent_covered": 0.0, "percent_covered_display": "0", "missing_lines": 5, "excluded_lines": 1}, "missing_lines": [37, 38, 39, 43, 44], "excluded_lines": [34]}, "read_profession": {"executed_lines": [], "summary": {"covered_lines": 0, "num_statements": 4, "percent_covered": 0.0, "percent_covered_display": "0", "missing_lines": 4, "excluded_lines": 1}, "missing_lines": [55, 56, 57, 60], "excluded_lines": [52]}, "update_profession": {"executed_lines": [], "summary": {"covered_lines": 0, "num_statements": 5, "percent_covered": 0.0, "percent_covered_display": "0", "missing_lines": 5, "excluded_lines": 1}, "missing_lines": [74, 75, 76, 79, 82], "excluded_lines": [71]}, "delete_profession": {"executed_lines": [], "summary": {"covered_lines": 0, "num_statements": 5, "percent_covered": 0.0, "percent_covered_display": "0", "missing_lines": 5, "excluded_lines": 1}, "missing_lines": [95, 96, 97, 100, 101], "excluded_lines": [92]}, "read_elite_specializations": {"executed_lines": [], "summary": {"covered_lines": 0, "num_statements": 7, "percent_covered": 0.0, "percent_covered_display": "0", "missing_lines": 7, "excluded_lines": 1}, "missing_lines": [122, 123, 124, 125, 126, 128, 131], "excluded_lines": [113]}, "create_elite_specialization": {"executed_lines": [], "summary": {"covered_lines": 0, "num_statements": 9, "percent_covered": 0.0, "percent_covered_display": "0", "missing_lines": 9, "excluded_lines": 1}, "missing_lines": [160, 161, 162, 167, 173, 174, 180, 183, 184], "excluded_lines": [145]}, "read_elite_specialization": {"executed_lines": [], "summary": {"covered_lines": 0, "num_statements": 4, "percent_covered": 0.0, "percent_covered_display": "0", "missing_lines": 4, "excluded_lines": 1}, "missing_lines": [197, 198, 199, 200], "excluded_lines": [194]}, "update_elite_specialization": {"executed_lines": [], "summary": {"covered_lines": 0, "num_statements": 14, "percent_covered": 0.0, "percent_covered_display": "0", "missing_lines": 14, "excluded_lines": 1}, "missing_lines": [219, 220, 221, 224, 225, 226, 227, 232, 233, 240, 241, 247, 250, 251], "excluded_lines": [213]}, "delete_elite_specialization": {"executed_lines": [], "summary": {"covered_lines": 0, "num_statements": 7, "percent_covered": 0.0, "percent_covered_display": "0", "missing_lines": 7, "excluded_lines": 1}, "missing_lines": [269, 270, 271, 274, 275, 280, 282], "excluded_lines": [263]}, "": {"executed_lines": [1, 3, 4, 6, 7, 8, 10, 14, 15, 27, 28, 47, 48, 63, 64, 85, 86, 105, 106, 134, 139, 187, 190, 203, 206, 254, 257], "summary": {"covered_lines": 24, "num_statements": 24, "percent_covered": 100.0, "percent_covered_display": "100", "missing_lines": 0, "excluded_lines": 5}, "missing_lines": [], "excluded_lines": [4, 5, 7, 8, 9]}}, "classes": {"": {"executed_lines": [1, 3, 4, 6, 7, 8, 10, 14, 15, 27, 28, 47, 48, 63, 64, 85, 86, 105, 106, 134, 139, 187, 190, 203, 206, 254, 257], "summary": {"covered_lines": 24, "num_statements": 86, "percent_covered": 27.906976744186046, "percent_covered_display": "28", "missing_lines": 62, "excluded_lines": 15}, "missing_lines": [23, 24, 37, 38, 39, 43, 44, 55, 56, 57, 60, 74, 75, 76, 79, 82, 95, 96, 97, 100, 101, 122, 123, 124, 125, 126, 128, 131, 160, 161, 162, 167, 173, 174, 180, 183, 184, 197, 198, 199, 200, 219, 220, 221, 224, 225, 226, 227, 232, 233, 240, 241, 247, 250, 251, 269, 270, 271, 274, 275, 280, 282], "excluded_lines": [4, 5, 7, 8, 9, 20, 34, 52, 71, 92, 113, 145, 194, 213, 263]}}}, "app/api/api_v1/endpoints/roles.py": {"executed_lines": [1, 3, 4, 6, 7, 8, 10, 13, 14, 26, 27, 46, 47, 66, 67, 83, 84], "summary": {"covered_lines": 14, "num_statements": 35, "percent_covered": 40.0, "percent_covered_display": "40", "missing_lines": 21, "excluded_lines": 10}, "missing_lines": [22, 23, 36, 37, 38, 42, 43, 57, 58, 59, 62, 63, 74, 75, 76, 80, 93, 94, 95, 98, 99], "excluded_lines": [4, 5, 7, 8, 9, 19, 33, 54, 71, 90], "functions": {"read_roles": {"executed_lines": [], "summary": {"covered_lines": 0, "num_statements": 2, "percent_covered": 0.0, "percent_covered_display": "0", "missing_lines": 2, "excluded_lines": 1}, "missing_lines": [22, 23], "excluded_lines": [19]}, "create_role": {"executed_lines": [], "summary": {"covered_lines": 0, "num_statements": 5, "percent_covered": 0.0, "percent_covered_display": "0", "missing_lines": 5, "excluded_lines": 1}, "missing_lines": [36, 37, 38, 42, 43], "excluded_lines": [33]}, "update_role": {"executed_lines": [], "summary": {"covered_lines": 0, "num_statements": 5, "percent_covered": 0.0, "percent_covered_display": "0", "missing_lines": 5, "excluded_lines": 1}, "missing_lines": [57, 58, 59, 62, 63], "excluded_lines": [54]}, "read_role": {"executed_lines": [], "summary": {"covered_lines": 0, "num_statements": 4, "percent_covered": 0.0, "percent_covered_display": "0", "missing_lines": 4, "excluded_lines": 1}, "missing_lines": [74, 75, 76, 80], "excluded_lines": [71]}, "delete_role": {"executed_lines": [], "summary": {"covered_lines": 0, "num_statements": 5, "percent_covered": 0.0, "percent_covered_display": "0", "missing_lines": 5, "excluded_lines": 1}, "missing_lines": [93, 94, 95, 98, 99], "excluded_lines": [90]}, "": {"executed_lines": [1, 3, 4, 6, 7, 8, 10, 13, 14, 26, 27, 46, 47, 66, 67, 83, 84], "summary": {"covered_lines": 14, "num_statements": 14, "percent_covered": 100.0, "percent_covered_display": "100", "missing_lines": 0, "excluded_lines": 5}, "missing_lines": [], "excluded_lines": [4, 5, 7, 8, 9]}}, "classes": {"": {"executed_lines": [1, 3, 4, 6, 7, 8, 10, 13, 14, 26, 27, 46, 47, 66, 67, 83, 84], "summary": {"covered_lines": 14, "num_statements": 35, "percent_covered": 40.0, "percent_covered_display": "40", "missing_lines": 21, "excluded_lines": 10}, "missing_lines": [22, 23, 36, 37, 38, 42, 43, 57, 58, 59, 62, 63, 74, 75, 76, 80, 93, 94, 95, 98, 99], "excluded_lines": [4, 5, 7, 8, 9, 19, 33, 54, 71, 90]}}}, "app/api/api_v1/endpoints/tags.py": {"executed_lines": [1, 7, 9, 10, 11, 13, 14, 15, 16, 17, 18, 20, 23, 24, 62, 63, 79, 80, 102, 103, 129, 130, 171, 172], "summary": {"covered_lines": 17, "num_statements": 68, "percent_covered": 25.0, "percent_covered_display": "25", "missing_lines": 51, "excluded_lines": 15}, "missing_lines": [34, 47, 48, 51, 73, 74, 75, 76, 89, 90, 91, 93, 94, 99, 113, 114, 115, 116, 121, 122, 123, 124, 126, 140, 141, 142, 144, 145, 151, 152, 153, 154, 155, 161, 162, 163, 165, 166, 168, 181, 182, 183, 185, 186, 192, 193, 194, 195, 200, 201, 203], "excluded_lines": [1, 11, 12, 14, 15, 16, 17, 18, 19, 30, 70, 86, 109, 137, 178], "functions": {"get_most_used_tags": {"executed_lines": [], "summary": {"covered_lines": 0, "num_statements": 4, "percent_covered": 0.0, "percent_covered_display": "0", "missing_lines": 4, "excluded_lines": 1}, "missing_lines": [34, 47, 48, 51], "excluded_lines": [30]}, "read_tags": {"executed_lines": [], "summary": {"covered_lines": 0, "num_statements": 4, "percent_covered": 0.0, "percent_covered_display": "0", "missing_lines": 4, "excluded_lines": 1}, "missing_lines": [73, 74, 75, 76], "excluded_lines": [70]}, "read_tag": {"executed_lines": [], "summary": {"covered_lines": 0, "num_statements": 6, "percent_covered": 0.0, "percent_covered_display": "0", "missing_lines": 6, "excluded_lines": 1}, "missing_lines": [89, 90, 91, 93, 94, 99], "excluded_lines": [86]}, "create_tag": {"executed_lines": [], "summary": {"covered_lines": 0, "num_statements": 9, "percent_covered": 0.0, "percent_covered_display": "0", "missing_lines": 9, "excluded_lines": 1}, "missing_lines": [113, 114, 115, 116, 121, 122, 123, 124, 126], "excluded_lines": [109]}, "update_tag": {"executed_lines": [], "summary": {"covered_lines": 0, "num_statements": 16, "percent_covered": 0.0, "percent_covered_display": "0", "missing_lines": 16, "excluded_lines": 1}, "missing_lines": [140, 141, 142, 144, 145, 151, 152, 153, 154, 155, 161, 162, 163, 165, 166, 168], "excluded_lines": [137]}, "delete_tag": {"executed_lines": [], "summary": {"covered_lines": 0, "num_statements": 12, "percent_covered": 0.0, "percent_covered_display": "0", "missing_lines": 12, "excluded_lines": 1}, "missing_lines": [181, 182, 183, 185, 186, 192, 193, 194, 195, 200, 201, 203], "excluded_lines": [178]}, "": {"executed_lines": [1, 7, 9, 10, 11, 13, 14, 15, 16, 17, 18, 20, 23, 24, 62, 63, 79, 80, 102, 103, 129, 130, 171, 172], "summary": {"covered_lines": 17, "num_statements": 17, "percent_covered": 100.0, "percent_covered_display": "100", "missing_lines": 0, "excluded_lines": 9}, "missing_lines": [], "excluded_lines": [1, 11, 12, 14, 15, 16, 17, 18, 19]}}, "classes": {"": {"executed_lines": [1, 7, 9, 10, 11, 13, 14, 15, 16, 17, 18, 20, 23, 24, 62, 63, 79, 80, 102, 103, 129, 130, 171, 172], "summary": {"covered_lines": 17, "num_statements": 68, "percent_covered": 25.0, "percent_covered_display": "25", "missing_lines": 51, "excluded_lines": 15}, "missing_lines": [34, 47, 48, 51, 73, 74, 75, 76, 89, 90, 91, 93, 94, 99, 113, 114, 115, 116, 121, 122, 123, 124, 126, 140, 141, 142, 144, 145, 151, 152, 153, 154, 155, 161, 162, 163, 165, 166, 168, 181, 182, 183, 185, 186, 192, 193, 194, 195, 200, 201, 203], "excluded_lines": [1, 11, 12, 14, 15, 16, 17, 18, 19, 30, 70, 86, 109, 137, 178]}}}, "app/api/api_v1/endpoints/team_members.py": {"executed_lines": [1, 8, 9, 11, 12, 13, 14, 16, 17, 18, 19, 20, 21, 22, 24, 27, 28, 104, 105, 174, 175], "summary": {"covered_lines": 9, "num_statements": 76, "percent_covered": 11.842105263157896, "percent_covered_display": "12", "missing_lines": 67, "excluded_lines": 19}, "missing_lines": [39, 40, 41, 43, 44, 50, 52, 60, 61, 62, 68, 69, 70, 72, 73, 79, 86, 87, 88, 94, 97, 98, 99, 101, 117, 118, 119, 121, 122, 128, 130, 138, 139, 140, 146, 153, 154, 156, 157, 163, 164, 165, 167, 168, 169, 171, 186, 187, 188, 190, 191, 197, 199, 207, 208, 209, 215, 222, 223, 225, 226, 232, 233, 235, 236, 237, 239], "excluded_lines": [1, 7, 8, 9, 10, 12, 13, 14, 15, 17, 18, 19, 20, 21, 22, 23, 35, 113, 182], "functions": {"add_team_member": {"executed_lines": [], "summary": {"covered_lines": 0, "num_statements": 24, "percent_covered": 0.0, "percent_covered_display": "0", "missing_lines": 24, "excluded_lines": 1}, "missing_lines": [39, 40, 41, 43, 44, 50, 52, 60, 61, 62, 68, 69, 70, 72, 73, 79, 86, 87, 88, 94, 97, 98, 99, 101], "excluded_lines": [35]}, "update_team_member": {"executed_lines": [], "summary": {"covered_lines": 0, "num_statements": 22, "percent_covered": 0.0, "percent_covered_display": "0", "missing_lines": 22, "excluded_lines": 1}, "missing_lines": [117, 118, 119, 121, 122, 128, 130, 138, 139, 140, 146, 153, 154, 156, 157, 163, 164, 165, 167, 168, 169, 171], "excluded_lines": [113]}, "remove_team_member": {"executed_lines": [], "summary": {"covered_lines": 0, "num_statements": 21, "percent_covered": 0.0, "percent_covered_display": "0", "missing_lines": 21, "excluded_lines": 1}, "missing_lines": [186, 187, 188, 190, 191, 197, 199, 207, 208, 209, 215, 222, 223, 225, 226, 232, 233, 235, 236, 237, 239], "excluded_lines": [182]}, "": {"executed_lines": [1, 8, 9, 11, 12, 13, 14, 16, 17, 18, 19, 20, 21, 22, 24, 27, 28, 104, 105, 174, 175], "summary": {"covered_lines": 9, "num_statements": 9, "percent_covered": 100.0, "percent_covered_display": "100", "missing_lines": 0, "excluded_lines": 16}, "missing_lines": [], "excluded_lines": [1, 7, 8, 9, 10, 12, 13, 14, 15, 17, 18, 19, 20, 21, 22, 23]}}, "classes": {"": {"executed_lines": [1, 8, 9, 11, 12, 13, 14, 16, 17, 18, 19, 20, 21, 22, 24, 27, 28, 104, 105, 174, 175], "summary": {"covered_lines": 9, "num_statements": 76, "percent_covered": 11.842105263157896, "percent_covered_display": "12", "missing_lines": 67, "excluded_lines": 19}, "missing_lines": [39, 40, 41, 43, 44, 50, 52, 60, 61, 62, 68, 69, 70, 72, 73, 79, 86, 87, 88, 94, 97, 98, 99, 101, 117, 118, 119, 121, 122, 128, 130, 138, 139, 140, 146, 153, 154, 156, 157, 163, 164, 165, 167, 168, 169, 171, 186, 187, 188, 190, 191, 197, 199, 207, 208, 209, 215, 222, 223, 225, 226, 232, 233, 235, 236, 237, 239], "excluded_lines": [1, 7, 8, 9, 10, 12, 13, 14, 15, 17, 18, 19, 20, 21, 22, 23, 35, 113, 182]}}}, "app/api/api_v1/endpoints/teams.py": {"executed_lines": [1, 9, 11, 12, 13, 14, 16, 17, 18, 19, 20, 22, 25, 26, 50, 51, 74, 75, 107, 108, 146, 147, 179, 180, 206, 207], "summary": {"covered_lines": 19, "num_statements": 72, "percent_covered": 26.38888888888889, "percent_covered_display": "26", "missing_lines": 53, "excluded_lines": 17}, "missing_lines": [36, 45, 46, 47, 60, 67, 68, 69, 71, 83, 88, 89, 91, 92, 98, 99, 104, 118, 119, 120, 122, 123, 129, 130, 136, 137, 138, 140, 141, 143, 156, 157, 158, 160, 161, 167, 168, 173, 174, 176, 191, 200, 201, 203, 216, 220, 221, 223, 224, 230, 236, 237, 239], "excluded_lines": [1, 12, 13, 14, 15, 17, 18, 19, 32, 57, 80, 115, 153, 186, 189, 190, 212], "functions": {"read_teams": {"executed_lines": [], "summary": {"covered_lines": 0, "num_statements": 4, "percent_covered": 0.0, "percent_covered_display": "0", "missing_lines": 4, "excluded_lines": 1}, "missing_lines": [36, 45, 46, 47], "excluded_lines": [32]}, "create_team": {"executed_lines": [], "summary": {"covered_lines": 0, "num_statements": 5, "percent_covered": 0.0, "percent_covered_display": "0", "missing_lines": 5, "excluded_lines": 1}, "missing_lines": [60, 67, 68, 69, 71], "excluded_lines": [57]}, "read_team": {"executed_lines": [], "summary": {"covered_lines": 0, "num_statements": 8, "percent_covered": 0.0, "percent_covered_display": "0", "missing_lines": 8, "excluded_lines": 1}, "missing_lines": [83, 88, 89, 91, 92, 98, 99, 104], "excluded_lines": [80]}, "update_team": {"executed_lines": [], "summary": {"covered_lines": 0, "num_statements": 13, "percent_covered": 0.0, "percent_covered_display": "0", "missing_lines": 13, "excluded_lines": 1}, "missing_lines": [118, 119, 120, 122, 123, 129, 130, 136, 137, 138, 140, 141, 143], "excluded_lines": [115]}, "delete_team": {"executed_lines": [], "summary": {"covered_lines": 0, "num_statements": 10, "percent_covered": 0.0, "percent_covered_display": "0", "missing_lines": 10, "excluded_lines": 1}, "missing_lines": [156, 157, 158, 160, 161, 167, 168, 173, 174, 176], "excluded_lines": [153]}, "get_public_compositions": {"executed_lines": [], "summary": {"covered_lines": 0, "num_statements": 4, "percent_covered": 0.0, "percent_covered_display": "0", "missing_lines": 4, "excluded_lines": 3}, "missing_lines": [191, 200, 201, 203], "excluded_lines": [186, 189, 190]}, "get_team_members": {"executed_lines": [], "summary": {"covered_lines": 0, "num_statements": 9, "percent_covered": 0.0, "percent_covered_display": "0", "missing_lines": 9, "excluded_lines": 1}, "missing_lines": [216, 220, 221, 223, 224, 230, 236, 237, 239], "excluded_lines": [212]}, "": {"executed_lines": [1, 9, 11, 12, 13, 14, 16, 17, 18, 19, 20, 22, 25, 26, 50, 51, 74, 75, 107, 108, 146, 147, 179, 180, 206, 207], "summary": {"covered_lines": 19, "num_statements": 19, "percent_covered": 100.0, "percent_covered_display": "100", "missing_lines": 0, "excluded_lines": 8}, "missing_lines": [], "excluded_lines": [1, 12, 13, 14, 15, 17, 18, 19]}}, "classes": {"": {"executed_lines": [1, 9, 11, 12, 13, 14, 16, 17, 18, 19, 20, 22, 25, 26, 50, 51, 74, 75, 107, 108, 146, 147, 179, 180, 206, 207], "summary": {"covered_lines": 19, "num_statements": 72, "percent_covered": 26.38888888888889, "percent_covered_display": "26", "missing_lines": 53, "excluded_lines": 17}, "missing_lines": [36, 45, 46, 47, 60, 67, 68, 69, 71, 83, 88, 89, 91, 92, 98, 99, 104, 118, 119, 120, 122, 123, 129, 130, 136, 137, 138, 140, 141, 143, 156, 157, 158, 160, 161, 167, 168, 173, 174, 176, 191, 200, 201, 203, 216, 220, 221, 223, 224, 230, 236, 237, 239], "excluded_lines": [1, 12, 13, 14, 15, 17, 18, 19, 32, 57, 80, 115, 153, 186, 189, 190, 212]}}}, "app/api/api_v1/endpoints/users.py": {"executed_lines": [1, 3, 4, 5, 6, 8, 9, 10, 12, 15, 16, 29, 30, 49, 50, 63, 64, 75, 76, 106, 107, 127, 128, 157, 158], "summary": {"covered_lines": 20, "num_statements": 63, "percent_covered": 31.746031746031747, "percent_covered_display": "32", "missing_lines": 43, "excluded_lines": 15}, "missing_lines": [25, 26, 39, 40, 41, 45, 46, 59, 60, 72, 85, 86, 89, 90, 96, 97, 98, 103, 117, 118, 119, 123, 124, 139, 140, 141, 144, 145, 146, 149, 150, 153, 154, 169, 170, 171, 174, 175, 176, 179, 180, 183, 184], "excluded_lines": [4, 5, 6, 7, 9, 10, 11, 22, 36, 56, 68, 81, 114, 135, 165], "functions": {"read_users": {"executed_lines": [], "summary": {"covered_lines": 0, "num_statements": 2, "percent_covered": 0.0, "percent_covered_display": "0", "missing_lines": 2, "excluded_lines": 1}, "missing_lines": [25, 26], "excluded_lines": [22]}, "create_user": {"executed_lines": [], "summary": {"covered_lines": 0, "num_statements": 5, "percent_covered": 0.0, "percent_covered_display": "0", "missing_lines": 5, "excluded_lines": 1}, "missing_lines": [39, 40, 41, 45, 46], "excluded_lines": [36]}, "update_user_me": {"executed_lines": [], "summary": {"covered_lines": 0, "num_statements": 2, "percent_covered": 0.0, "percent_covered_display": "0", "missing_lines": 2, "excluded_lines": 1}, "missing_lines": [59, 60], "excluded_lines": [56]}, "read_user_me": {"executed_lines": [], "summary": {"covered_lines": 0, "num_statements": 1, "percent_covered": 0.0, "percent_covered_display": "0", "missing_lines": 1, "excluded_lines": 1}, "missing_lines": [72], "excluded_lines": [68]}, "read_user_by_id": {"executed_lines": [], "summary": {"covered_lines": 0, "num_statements": 8, "percent_covered": 0.0, "percent_covered_display": "0", "missing_lines": 8, "excluded_lines": 1}, "missing_lines": [85, 86, 89, 90, 96, 97, 98, 103], "excluded_lines": [81]}, "update_user": {"executed_lines": [], "summary": {"covered_lines": 0, "num_statements": 5, "percent_covered": 0.0, "percent_covered_display": "0", "missing_lines": 5, "excluded_lines": 1}, "missing_lines": [117, 118, 119, 123, 124], "excluded_lines": [114]}, "add_role_to_user": {"executed_lines": [], "summary": {"covered_lines": 0, "num_statements": 10, "percent_covered": 0.0, "percent_covered_display": "0", "missing_lines": 10, "excluded_lines": 1}, "missing_lines": [139, 140, 141, 144, 145, 146, 149, 150, 153, 154], "excluded_lines": [135]}, "remove_role_from_user": {"executed_lines": [], "summary": {"covered_lines": 0, "num_statements": 10, "percent_covered": 0.0, "percent_covered_display": "0", "missing_lines": 10, "excluded_lines": 1}, "missing_lines": [169, 170, 171, 174, 175, 176, 179, 180, 183, 184], "excluded_lines": [165]}, "": {"executed_lines": [1, 3, 4, 5, 6, 8, 9, 10, 12, 15, 16, 29, 30, 49, 50, 63, 64, 75, 76, 106, 107, 127, 128, 157, 158], "summary": {"covered_lines": 20, "num_statements": 20, "percent_covered": 100.0, "percent_covered_display": "100", "missing_lines": 0, "excluded_lines": 7}, "missing_lines": [], "excluded_lines": [4, 5, 6, 7, 9, 10, 11]}}, "classes": {"": {"executed_lines": [1, 3, 4, 5, 6, 8, 9, 10, 12, 15, 16, 29, 30, 49, 50, 63, 64, 75, 76, 106, 107, 127, 128, 157, 158], "summary": {"covered_lines": 20, "num_statements": 63, "percent_covered": 31.746031746031747, "percent_covered_display": "32", "missing_lines": 43, "excluded_lines": 15}, "missing_lines": [25, 26, 39, 40, 41, 45, 46, 59, 60, 72, 85, 86, 89, 90, 96, 97, 98, 103, 117, 118, 119, 123, 124, 139, 140, 141, 144, 145, 146, 149, 150, 153, 154, 169, 170, 171, 174, 175, 176, 179, 180, 183, 184], "excluded_lines": [4, 5, 6, 7, 9, 10, 11, 22, 36, 56, 68, 81, 114, 135, 165]}}}, "app/api/dependencies.py": {"executed_lines": [], "summary": {"covered_lines": 0, "num_statements": 39, "percent_covered": 0.0, "percent_covered_display": "0", "missing_lines": 39, "excluded_lines": 45}, "missing_lines": [8, 10, 11, 12, 17, 31, 34, 37, 57, 58, 60, 62, 68, 69, 70, 73, 74, 75, 78, 79, 81, 84, 99, 100, 101, 104, 119, 120, 121, 124, 139, 140, 142, 143, 144, 146, 179, 191, 192], "excluded_lines": [1, 13, 14, 15, 16, 25, 26, 27, 28, 29, 42, 87, 107, 127, 147, 148, 149, 150, 151, 152, 153, 154, 155, 156, 157, 158, 159, 160, 161, 162, 163, 164, 165, 166, 167, 168, 169, 170, 171, 172, 173, 174, 175, 176, 180], "functions": {"get_current_user": {"executed_lines": [], "summary": {"covered_lines": 0, "num_statements": 13, "percent_covered": 0.0, "percent_covered_display": "0", "missing_lines": 13, "excluded_lines": 1}, "missing_lines": [57, 58, 60, 62, 68, 69, 70, 73, 74, 75, 78, 79, 81], "excluded_lines": [42]}, "get_current_active_user": {"executed_lines": [], "summary": {"covered_lines": 0, "num_statements": 3, "percent_covered": 0.0, "percent_covered_display": "0", "missing_lines": 3, "excluded_lines": 1}, "missing_lines": [99, 100, 101], "excluded_lines": [87]}, "get_current_active_superuser": {"executed_lines": [], "summary": {"covered_lines": 0, "num_statements": 3, "percent_covered": 0.0, "percent_covered_display": "0", "missing_lines": 3, "excluded_lines": 1}, "missing_lines": [119, 120, 121], "excluded_lines": [107]}, "get_authorization_header": {"executed_lines": [], "summary": {"covered_lines": 0, "num_statements": 6, "percent_covered": 0.0, "percent_covered_display": "0", "missing_lines": 6, "excluded_lines": 1}, "missing_lines": [139, 140, 142, 143, 144, 146], "excluded_lines": [127]}, "has_permission": {"executed_lines": [], "summary": {"covered_lines": 0, "num_statements": 0, "percent_covered": 100.0, "percent_covered_display": "100", "missing_lines": 0, "excluded_lines": 16}, "missing_lines": [], "excluded_lines": [150, 151, 152, 153, 154, 155, 156, 157, 158, 159, 160, 161, 162, 163, 175, 176]}, "has_permission.dependency": {"executed_lines": [], "summary": {"covered_lines": 0, "num_statements": 0, "percent_covered": 100.0, "percent_covered_display": "100", "missing_lines": 0, "excluded_lines": 11}, "missing_lines": [], "excluded_lines": [164, 165, 166, 167, 168, 169, 170, 171, 172, 173, 174]}, "get_pagination_params": {"executed_lines": [], "summary": {"covered_lines": 0, "num_statements": 2, "percent_covered": 0.0, "percent_covered_display": "0", "missing_lines": 2, "excluded_lines": 1}, "missing_lines": [191, 192], "excluded_lines": [180]}, "": {"executed_lines": [], "summary": {"covered_lines": 0, "num_statements": 12, "percent_covered": 0.0, "percent_covered_display": "0", "missing_lines": 12, "excluded_lines": 13}, "missing_lines": [8, 10, 11, 12, 17, 31, 34, 37, 84, 104, 124, 179], "excluded_lines": [1, 13, 14, 15, 16, 25, 26, 27, 28, 29, 147, 148, 149]}}, "classes": {"": {"executed_lines": [], "summary": {"covered_lines": 0, "num_statements": 39, "percent_covered": 0.0, "percent_covered_display": "0", "missing_lines": 39, "excluded_lines": 45}, "missing_lines": [8, 10, 11, 12, 17, 31, 34, 37, 57, 58, 60, 62, 68, 69, 70, 73, 74, 75, 78, 79, 81, 84, 99, 100, 101, 104, 119, 120, 121, 124, 139, 140, 142, 143, 144, 146, 179, 191, 192], "excluded_lines": [1, 13, 14, 15, 16, 25, 26, 27, 28, 29, 42, 87, 107, 127, 147, 148, 149, 150, 151, 152, 153, 154, 155, 156, 157, 158, 159, 160, 161, 162, 163, 164, 165, 166, 167, 168, 169, 170, 171, 172, 173, 174, 175, 176, 180]}}}, "app/api/deps.py": {"executed_lines": [1, 2, 3, 4, 5, 6, 7, 8, 10, 12, 13, 14, 15, 16, 17, 18, 26, 33, 36, 131, 151, 171, 187, 248, 257, 303], "summary": {"covered_lines": 17, "num_statements": 91, "percent_covered": 18.681318681318682, "percent_covered_display": "19", "missing_lines": 74, "excluded_lines": 23}, "missing_lines": [57, 58, 59, 60, 62, 67, 69, 71, 72, 73, 74, 75, 78, 80, 81, 83, 85, 91, 92, 93, 98, 99, 104, 106, 110, 111, 115, 116, 117, 118, 119, 120, 121, 122, 125, 127, 128, 146, 147, 148, 166, 167, 168, 184, 207, 208, 209, 211, 212, 218, 221, 222, 223, 228, 229, 232, 239, 240, 245, 254, 280, 281, 287, 288, 289, 290, 291, 295, 296, 297, 323, 325, 326, 331], "excluded_lines": [3, 5, 6, 7, 8, 9, 11, 12, 15, 16, 17, 39, 54, 55, 96, 97, 134, 154, 174, 192, 251, 264, 309], "functions": {"get_current_user": {"executed_lines": [], "summary": {"covered_lines": 0, "num_statements": 37, "percent_covered": 0.0, "percent_covered_display": "0", "missing_lines": 37, "excluded_lines": 5}, "missing_lines": [57, 58, 59, 60, 62, 67, 69, 71, 72, 73, 74, 75, 78, 80, 81, 83, 85, 91, 92, 93, 98, 99, 104, 106, 110, 111, 115, 116, 117, 118, 119, 120, 121, 122, 125, 127, 128], "excluded_lines": [39, 54, 55, 96, 97]}, "get_current_active_user": {"executed_lines": [], "summary": {"covered_lines": 0, "num_statements": 3, "percent_covered": 0.0, "percent_covered_display": "0", "missing_lines": 3, "excluded_lines": 1}, "missing_lines": [146, 147, 148], "excluded_lines": [134]}, "get_current_active_superuser": {"executed_lines": [], "summary": {"covered_lines": 0, "num_statements": 3, "percent_covered": 0.0, "percent_covered_display": "0", "missing_lines": 3, "excluded_lines": 1}, "missing_lines": [166, 167, 168], "excluded_lines": [154]}, "get_current_user_dep": {"executed_lines": [], "summary": {"covered_lines": 0, "num_statements": 1, "percent_covered": 0.0, "percent_covered_display": "0", "missing_lines": 1, "excluded_lines": 1}, "missing_lines": [184], "excluded_lines": [174]}, "get_team_and_check_access": {"executed_lines": [], "summary": {"covered_lines": 0, "num_statements": 15, "percent_covered": 0.0, "percent_covered_display": "0", "missing_lines": 15, "excluded_lines": 1}, "missing_lines": [207, 208, 209, 211, 212, 218, 221, 222, 223, 228, 229, 232, 239, 240, 245], "excluded_lines": [192]}, "get_webhook_service": {"executed_lines": [], "summary": {"covered_lines": 0, "num_statements": 1, "percent_covered": 0.0, "percent_covered_display": "0", "missing_lines": 1, "excluded_lines": 1}, "missing_lines": [254], "excluded_lines": [251]}, "get_gw2_client": {"executed_lines": [], "summary": {"covered_lines": 0, "num_statements": 10, "percent_covered": 0.0, "percent_covered_display": "0", "missing_lines": 10, "excluded_lines": 1}, "missing_lines": [280, 281, 287, 288, 289, 290, 291, 295, 296, 297], "excluded_lines": [264]}, "check_team_admin": {"executed_lines": [], "summary": {"covered_lines": 0, "num_statements": 4, "percent_covered": 0.0, "percent_covered_display": "0", "missing_lines": 4, "excluded_lines": 1}, "missing_lines": [323, 325, 326, 331], "excluded_lines": [309]}, "": {"executed_lines": [1, 2, 3, 4, 5, 6, 7, 8, 10, 12, 13, 14, 15, 16, 17, 18, 26, 33, 36, 131, 151, 171, 187, 248, 257, 303], "summary": {"covered_lines": 17, "num_statements": 17, "percent_covered": 100.0, "percent_covered_display": "100", "missing_lines": 0, "excluded_lines": 11}, "missing_lines": [], "excluded_lines": [3, 5, 6, 7, 8, 9, 11, 12, 15, 16, 17]}}, "classes": {"": {"executed_lines": [1, 2, 3, 4, 5, 6, 7, 8, 10, 12, 13, 14, 15, 16, 17, 18, 26, 33, 36, 131, 151, 171, 187, 248, 257, 303], "summary": {"covered_lines": 17, "num_statements": 91, "percent_covered": 18.681318681318682, "percent_covered_display": "19", "missing_lines": 74, "excluded_lines": 23}, "missing_lines": [57, 58, 59, 60, 62, 67, 69, 71, 72, 73, 74, 75, 78, 80, 81, 83, 85, 91, 92, 93, 98, 99, 104, 106, 110, 111, 115, 116, 117, 118, 119, 120, 121, 122, 125, 127, 128, 146, 147, 148, 166, 167, 168, 184, 207, 208, 209, 211, 212, 218, 221, 222, 223, 228, 229, 232, 239, 240, 245, 254, 280, 281, 287, 288, 289, 290, 291, 295, 296, 297, 323, 325, 326, 331], "excluded_lines": [3, 5, 6, 7, 8, 9, 11, 12, 15, 16, 17, 39, 54, 55, 96, 97, 134, 154, 174, 192, 251, 264, 309]}}}, "app/api/exception_handlers.py": {"executed_lines": [1, 3, 4, 5, 6, 7, 8, 11, 18, 30, 45, 54, 63], "summary": {"covered_lines": 7, "num_statements": 17, "percent_covered": 41.1764705882353, "percent_covered_display": "41", "missing_lines": 10, "excluded_lines": 8}, "missing_lines": [12, 21, 24, 33, 34, 35, 39, 48, 57, 64], "excluded_lines": [1, 4, 5, 6, 7, 8, 9, 10], "functions": {"http_exception_handler": {"executed_lines": [], "summary": {"covered_lines": 0, "num_statements": 1, "percent_covered": 0.0, "percent_covered_display": "0", "missing_lines": 1, "excluded_lines": 0}, "missing_lines": [12], "excluded_lines": []}, "validation_exception_handler": {"executed_lines": [], "summary": {"covered_lines": 0, "num_statements": 2, "percent_covered": 0.0, "percent_covered_display": "0", "missing_lines": 2, "excluded_lines": 0}, "missing_lines": [21, 24], "excluded_lines": []}, "integrity_error_handler": {"executed_lines": [], "summary": {"covered_lines": 0, "num_statements": 4, "percent_covered": 0.0, "percent_covered_display": "0", "missing_lines": 4, "excluded_lines": 0}, "missing_lines": [33, 34, 35, 39], "excluded_lines": []}, "not_found_exception_handler": {"executed_lines": [], "summary": {"covered_lines": 0, "num_statements": 1, "percent_covered": 0.0, "percent_covered_display": "0", "missing_lines": 1, "excluded_lines": 0}, "missing_lines": [48], "excluded_lines": []}, "custom_exception_handler": {"executed_lines": [], "summary": {"covered_lines": 0, "num_statements": 1, "percent_covered": 0.0, "percent_covered_display": "0", "missing_lines": 1, "excluded_lines": 0}, "missing_lines": [57], "excluded_lines": []}, "generic_exception_handler": {"executed_lines": [], "summary": {"covered_lines": 0, "num_statements": 1, "percent_covered": 0.0, "percent_covered_display": "0", "missing_lines": 1, "excluded_lines": 0}, "missing_lines": [64], "excluded_lines": []}, "": {"executed_lines": [1, 3, 4, 5, 6, 7, 8, 11, 18, 30, 45, 54, 63], "summary": {"covered_lines": 7, "num_statements": 7, "percent_covered": 100.0, "percent_covered_display": "100", "missing_lines": 0, "excluded_lines": 8}, "missing_lines": [], "excluded_lines": [1, 4, 5, 6, 7, 8, 9, 10]}}, "classes": {"": {"executed_lines": [1, 3, 4, 5, 6, 7, 8, 11, 18, 30, 45, 54, 63], "summary": {"covered_lines": 7, "num_statements": 17, "percent_covered": 41.1764705882353, "percent_covered_display": "41", "missing_lines": 10, "excluded_lines": 8}, "missing_lines": [12, 21, 24, 33, 34, 35, 39, 48, 57, 64], "excluded_lines": [1, 4, 5, 6, 7, 8, 9, 10]}}}, "app/api/middleware.py": {"executed_lines": [], "summary": {"covered_lines": 0, "num_statements": 14, "percent_covered": 0.0, "percent_covered_display": "0", "missing_lines": 14, "excluded_lines": 206}, "missing_lines": [12, 14, 18, 25, 219, 227, 236, 239, 240, 243, 244, 245, 248, 249], "excluded_lines": [1, 7, 8, 9, 10, 11, 15, 16, 17, 19, 20, 21, 22, 23, 26, 27, 28, 29, 30, 31, 32, 33, 34, 35, 36, 37, 38, 39, 40, 41, 42, 43, 44, 45, 46, 47, 48, 49, 50, 51, 52, 53, 54, 55, 56, 57, 58, 59, 60, 61, 62, 63, 64, 65, 66, 67, 68, 69, 70, 71, 72, 73, 74, 75, 76, 77, 78, 79, 80, 81, 82, 83, 84, 85, 86, 87, 88, 89, 90, 91, 92, 93, 94, 95, 96, 97, 98, 99, 100, 101, 102, 103, 104, 105, 106, 107, 108, 109, 110, 111, 112, 113, 114, 115, 116, 117, 118, 119, 120, 121, 122, 123, 124, 125, 126, 127, 128, 129, 130, 131, 132, 133, 134, 135, 136, 137, 138, 139, 140, 141, 142, 143, 144, 145, 146, 147, 148, 149, 150, 151, 152, 153, 154, 155, 156, 157, 158, 159, 160, 161, 162, 163, 164, 165, 166, 167, 168, 169, 170, 171, 172, 173, 174, 175, 176, 177, 178, 179, 180, 181, 182, 183, 184, 185, 186, 187, 188, 189, 190, 191, 192, 193, 194, 195, 196, 197, 198, 199, 200, 201, 202, 203, 204, 205, 206, 207, 208, 209, 210, 211, 212, 213, 214, 215, 216, 220], "functions": {"RequestIDMiddleware.dispatch": {"executed_lines": [], "summary": {"covered_lines": 0, "num_statements": 0, "percent_covered": 100.0, "percent_covered_display": "100", "missing_lines": 0, "excluded_lines": 15}, "missing_lines": [], "excluded_lines": [39, 40, 41, 42, 43, 44, 45, 46, 47, 48, 49, 50, 51, 52, 53]}, "LoggingMiddleware.dispatch": {"executed_lines": [], "summary": {"covered_lines": 0, "num_statements": 0, "percent_covered": 100.0, "percent_covered_display": "100", "missing_lines": 0, "excluded_lines": 51}, "missing_lines": [], "excluded_lines": [67, 68, 69, 70, 71, 72, 73, 74, 75, 76, 77, 78, 79, 80, 81, 82, 83, 84, 85, 86, 87, 88, 89, 90, 91, 92, 93, 94, 95, 96, 97, 98, 99, 100, 101, 102, 103, 104, 105, 106, 107, 108, 109, 110, 111, 112, 113, 114, 115, 116, 117]}, "SecurityHeadersMiddleware.__init__": {"executed_lines": [], "summary": {"covered_lines": 0, "num_statements": 0, "percent_covered": 100.0, "percent_covered_display": "100", "missing_lines": 0, "excluded_lines": 10}, "missing_lines": [], "excluded_lines": [129, 130, 131, 132, 133, 134, 135, 136, 137, 138]}, "SecurityHeadersMiddleware.dispatch": {"executed_lines": [], "summary": {"covered_lines": 0, "num_statements": 0, "percent_covered": 100.0, "percent_covered_display": "100", "missing_lines": 0, "excluded_lines": 8}, "missing_lines": [], "excluded_lines": [144, 145, 146, 147, 148, 149, 150, 151]}, "RateLimitMiddleware.__init__": {"executed_lines": [], "summary": {"covered_lines": 0, "num_statements": 0, "percent_covered": 100.0, "percent_covered_display": "100", "missing_lines": 0, "excluded_lines": 4}, "missing_lines": [], "excluded_lines": [167, 168, 169, 170]}, "RateLimitMiddleware.dispatch": {"executed_lines": [], "summary": {"covered_lines": 0, "num_statements": 0, "percent_covered": 100.0, "percent_covered_display": "100", "missing_lines": 0, "excluded_lines": 41}, "missing_lines": [], "excluded_lines": [176, 177, 178, 179, 180, 181, 182, 183, 184, 185, 186, 187, 188, 189, 190, 191, 192, 193, 194, 195, 196, 197, 198, 199, 200, 201, 202, 203, 204, 205, 206, 207, 208, 209, 210, 211, 212, 213, 214, 215, 216]}, "setup_middlewares": {"executed_lines": [], "summary": {"covered_lines": 0, "num_statements": 9, "percent_covered": 0.0, "percent_covered_display": "0", "missing_lines": 9, "excluded_lines": 1}, "missing_lines": [227, 236, 239, 240, 243, 244, 245, 248, 249], "excluded_lines": [220]}, "": {"executed_lines": [], "summary": {"covered_lines": 0, "num_statements": 5, "percent_covered": 0.0, "percent_covered_display": "0", "missing_lines": 5, "excluded_lines": 76}, "missing_lines": [12, 14, 18, 25, 219], "excluded_lines": [1, 7, 8, 9, 10, 11, 15, 16, 17, 19, 20, 21, 22, 23, 26, 27, 28, 29, 30, 31, 32, 33, 34, 35, 36, 37, 38, 54, 55, 56, 57, 58, 59, 60, 61, 62, 63, 64, 65, 66, 118, 119, 120, 121, 122, 123, 124, 125, 126, 127, 128, 139, 140, 141, 142, 143, 152, 153, 154, 155, 156, 157, 158, 159, 160, 161, 162, 163, 164, 165, 166, 171, 172, 173, 174, 175]}}, "classes": {"RequestIDMiddleware": {"executed_lines": [], "summary": {"covered_lines": 0, "num_statements": 0, "percent_covered": 100.0, "percent_covered_display": "100", "missing_lines": 0, "excluded_lines": 15}, "missing_lines": [], "excluded_lines": [39, 40, 41, 42, 43, 44, 45, 46, 47, 48, 49, 50, 51, 52, 53]}, "LoggingMiddleware": {"executed_lines": [], "summary": {"covered_lines": 0, "num_statements": 0, "percent_covered": 100.0, "percent_covered_display": "100", "missing_lines": 0, "excluded_lines": 51}, "missing_lines": [], "excluded_lines": [67, 68, 69, 70, 71, 72, 73, 74, 75, 76, 77, 78, 79, 80, 81, 82, 83, 84, 85, 86, 87, 88, 89, 90, 91, 92, 93, 94, 95, 96, 97, 98, 99, 100, 101, 102, 103, 104, 105, 106, 107, 108, 109, 110, 111, 112, 113, 114, 115, 116, 117]}, "SecurityHeadersMiddleware": {"executed_lines": [], "summary": {"covered_lines": 0, "num_statements": 0, "percent_covered": 100.0, "percent_covered_display": "100", "missing_lines": 0, "excluded_lines": 18}, "missing_lines": [], "excluded_lines": [129, 130, 131, 132, 133, 134, 135, 136, 137, 138, 144, 145, 146, 147, 148, 149, 150, 151]}, "RateLimitMiddleware": {"executed_lines": [], "summary": {"covered_lines": 0, "num_statements": 0, "percent_covered": 100.0, "percent_covered_display": "100", "missing_lines": 0, "excluded_lines": 45}, "missing_lines": [], "excluded_lines": [167, 168, 169, 170, 176, 177, 178, 179, 180, 181, 182, 183, 184, 185, 186, 187, 188, 189, 190, 191, 192, 193, 194, 195, 196, 197, 198, 199, 200, 201, 202, 203, 204, 205, 206, 207, 208, 209, 210, 211, 212, 213, 214, 215, 216]}, "": {"executed_lines": [], "summary": {"covered_lines": 0, "num_statements": 14, "percent_covered": 0.0, "percent_covered_display": "0", "missing_lines": 14, "excluded_lines": 77}, "missing_lines": [12, 14, 18, 25, 219, 227, 236, 239, 240, 243, 244, 245, 248, 249], "excluded_lines": [1, 7, 8, 9, 10, 11, 15, 16, 17, 19, 20, 21, 22, 23, 26, 27, 28, 29, 30, 31, 32, 33, 34, 35, 36, 37, 38, 54, 55, 56, 57, 58, 59, 60, 61, 62, 63, 64, 65, 66, 118, 119, 120, 121, 122, 123, 124, 125, 126, 127, 128, 139, 140, 141, 142, 143, 152, 153, 154, 155, 156, 157, 158, 159, 160, 161, 162, 163, 164, 165, 166, 171, 172, 173, 174, 175, 220]}}}, "app/config.py": {"executed_lines": [], "summary": {"covered_lines": 0, "num_statements": 3, "percent_covered": 0.0, "percent_covered_display": "0", "missing_lines": 3, "excluded_lines": 29}, "missing_lines": [34, 35, 36], "excluded_lines": [1, 2, 3, 4, 5, 6, 7, 8, 9, 10, 11, 12, 13, 14, 15, 16, 17, 18, 19, 20, 21, 22, 23, 24, 25, 26, 27, 28, 29], "functions": {"Settings.get_database_url": {"executed_lines": [], "summary": {"covered_lines": 0, "num_statements": 0, "percent_covered": 100.0, "percent_covered_display": "100", "missing_lines": 0, "excluded_lines": 4}, "missing_lines": [], "excluded_lines": [26, 27, 28, 29]}, "get_settings": {"executed_lines": [], "summary": {"covered_lines": 0, "num_statements": 1, "percent_covered": 0.0, "percent_covered_display": "0", "missing_lines": 1, "excluded_lines": 0}, "missing_lines": [36], "excluded_lines": []}, "": {"executed_lines": [], "summary": {"covered_lines": 0, "num_statements": 2, "percent_covered": 0.0, "percent_covered_display": "0", "missing_lines": 2, "excluded_lines": 25}, "missing_lines": [34, 35], "excluded_lines": [1, 2, 3, 4, 5, 6, 7, 8, 9, 10, 11, 12, 13, 14, 15, 16, 17, 18, 19, 20, 21, 22, 23, 24, 25]}}, "classes": {"Settings": {"executed_lines": [], "summary": {"covered_lines": 0, "num_statements": 0, "percent_covered": 100.0, "percent_covered_display": "100", "missing_lines": 0, "excluded_lines": 4}, "missing_lines": [], "excluded_lines": [26, 27, 28, 29]}, "Settings.Config": {"executed_lines": [], "summary": {"covered_lines": 0, "num_statements": 0, "percent_covered": 100.0, "percent_covered_display": "100", "missing_lines": 0, "excluded_lines": 0}, "missing_lines": [], "excluded_lines": []}, "": {"executed_lines": [], "summary": {"covered_lines": 0, "num_statements": 3, "percent_covered": 0.0, "percent_covered_display": "0", "missing_lines": 3, "excluded_lines": 25}, "missing_lines": [34, 35, 36], "excluded_lines": [1, 2, 3, 4, 5, 6, 7, 8, 9, 10, 11, 12, 13, 14, 15, 16, 17, 18, 19, 20, 21, 22, 23, 24, 25]}}}, "app/core/__init__.py": {"executed_lines": [1, 7, 8, 20, 21, 22, 28, 29, 39], "summary": {"covered_lines": 8, "num_statements": 8, "percent_covered": 100.0, "percent_covered_display": "100", "missing_lines": 0, "excluded_lines": 1}, "missing_lines": [], "excluded_lines": [1], "functions": {"": {"executed_lines": [1, 7, 8, 20, 21, 22, 28, 29, 39], "summary": {"covered_lines": 8, "num_statements": 8, "percent_covered": 100.0, "percent_covered_display": "100", "missing_lines": 0, "excluded_lines": 1}, "missing_lines": [], "excluded_lines": [1]}}, "classes": {"": {"executed_lines": [1, 7, 8, 20, 21, 22, 28, 29, 39], "summary": {"covered_lines": 8, "num_statements": 8, "percent_covered": 100.0, "percent_covered_display": "100", "missing_lines": 0, "excluded_lines": 1}, "missing_lines": [], "excluded_lines": [1]}}}, "app/core/cache.py": {"executed_lines": [1, 2, 3, 5, 6, 7, 10, 11, 16, 26, 27, 28, 60, 62, 66], "summary": {"covered_lines": 11, "num_statements": 29, "percent_covered": 37.93103448275862, "percent_covered_display": "38", "missing_lines": 18, "excluded_lines": 6}, "missing_lines": [29, 30, 32, 33, 35, 36, 37, 39, 40, 41, 42, 43, 45, 46, 48, 49, 51, 58], "excluded_lines": [1, 2, 6, 7, 8, 19], "functions": {"cache_response": {"executed_lines": [26, 27, 62], "summary": {"covered_lines": 3, "num_statements": 3, "percent_covered": 100.0, "percent_covered_display": "100", "missing_lines": 0, "excluded_lines": 1}, "missing_lines": [], "excluded_lines": [19]}, "cache_response.decorator": {"executed_lines": [28, 60], "summary": {"covered_lines": 2, "num_statements": 2, "percent_covered": 100.0, "percent_covered_display": "100", "missing_lines": 0, "excluded_lines": 0}, "missing_lines": [], "excluded_lines": []}, "cache_response.decorator.wrapper": {"executed_lines": [], "summary": {"covered_lines": 0, "num_statements": 18, "percent_covered": 0.0, "percent_covered_display": "0", "missing_lines": 18, "excluded_lines": 0}, "missing_lines": [29, 30, 32, 33, 35, 36, 37, 39, 40, 41, 42, 43, 45, 46, 48, 49, 51, 58], "excluded_lines": []}, "": {"executed_lines": [1, 2, 3, 5, 6, 7, 10, 11, 16, 66], "summary": {"covered_lines": 6, "num_statements": 6, "percent_covered": 100.0, "percent_covered_display": "100", "missing_lines": 0, "excluded_lines": 5}, "missing_lines": [], "excluded_lines": [1, 2, 6, 7, 8]}}, "classes": {"": {"executed_lines": [1, 2, 3, 5, 6, 7, 10, 11, 16, 26, 27, 28, 60, 62, 66], "summary": {"covered_lines": 11, "num_statements": 29, "percent_covered": 37.93103448275862, "percent_covered_display": "38", "missing_lines": 18, "excluded_lines": 6}, "missing_lines": [29, 30, 32, 33, 35, 36, 37, 39, 40, 41, 42, 43, 45, 46, 48, 49, 51, 58], "excluded_lines": [1, 2, 6, 7, 8, 19]}}}, "app/core/caching.py": {"executed_lines": [], "summary": {"covered_lines": 0, "num_statements": 26, "percent_covered": 0.0, "percent_covered_display": "0", "missing_lines": 26, "excluded_lines": 164}, "missing_lines": [5, 8, 16, 19, 25, 26, 27, 29, 36, 38, 39, 62, 67, 147, 148, 152, 153, 155, 156, 158, 159, 182, 184, 186, 187, 188], "excluded_lines": [1, 6, 7, 9, 10, 11, 12, 13, 14, 20, 30, 31, 32, 33, 34, 65, 66, 70, 71, 72, 73, 74, 75, 76, 77, 78, 79, 80, 81, 82, 83, 84, 85, 86, 87, 88, 89, 90, 91, 92, 93, 94, 95, 96, 97, 98, 99, 100, 101, 102, 103, 104, 105, 106, 107, 108, 109, 110, 111, 112, 113, 114, 115, 116, 117, 118, 119, 120, 121, 122, 123, 124, 125, 126, 127, 128, 129, 130, 131, 132, 133, 134, 135, 136, 137, 138, 139, 140, 141, 142, 143, 144, 149, 162, 163, 164, 165, 166, 167, 168, 169, 170, 171, 172, 173, 174, 175, 176, 177, 178, 179, 191, 192, 193, 194, 195, 196, 197, 198, 199, 200, 201, 202, 203, 204, 205, 206, 207, 208, 209, 210, 211, 212, 213, 214, 215, 216, 217, 218, 219, 220, 221, 222, 223, 224, 225, 226, 227, 228, 229, 230, 231, 232, 233, 234, 235, 236, 237, 238, 239, 240, 241, 242, 243], "functions": {"configure_sqlalchemy_caching": {"executed_lines": [], "summary": {"covered_lines": 0, "num_statements": 16, "percent_covered": 0.0, "percent_covered_display": "0", "missing_lines": 16, "excluded_lines": 24}, "missing_lines": [25, 26, 27, 29, 36, 38, 39, 62, 67, 147, 148, 182, 184, 186, 187, 188], "excluded_lines": [20, 30, 31, 32, 33, 34, 65, 66, 70, 71, 72, 73, 74, 75, 80, 81, 100, 101, 119, 120, 135, 136, 162, 163]}, "configure_sqlalchemy_caching.CachingQuery.__init__": {"executed_lines": [], "summary": {"covered_lines": 0, "num_statements": 0, "percent_covered": 100.0, "percent_covered_display": "100", "missing_lines": 0, "excluded_lines": 4}, "missing_lines": [], "excluded_lines": [76, 77, 78, 79]}, "configure_sqlalchemy_caching.CachingQuery.get": {"executed_lines": [], "summary": {"covered_lines": 0, "num_statements": 0, "percent_covered": 100.0, "percent_covered_display": "100", "missing_lines": 0, "excluded_lines": 18}, "missing_lines": [], "excluded_lines": [82, 83, 84, 85, 86, 87, 88, 89, 90, 91, 92, 93, 94, 95, 96, 97, 98, 99]}, "configure_sqlalchemy_caching.CachingQuery.__iter__": {"executed_lines": [], "summary": {"covered_lines": 0, "num_statements": 0, "percent_covered": 100.0, "percent_covered_display": "100", "missing_lines": 0, "excluded_lines": 17}, "missing_lines": [], "excluded_lines": [102, 103, 104, 105, 106, 107, 108, 109, 110, 111, 112, 113, 114, 115, 116, 117, 118]}, "configure_sqlalchemy_caching.CachingQuery.cache": {"executed_lines": [], "summary": {"covered_lines": 0, "num_statements": 0, "percent_covered": 100.0, "percent_covered_display": "100", "missing_lines": 0, "excluded_lines": 14}, "missing_lines": [], "excluded_lines": [121, 122, 123, 124, 125, 126, 127, 128, 129, 130, 131, 132, 133, 134]}, "configure_sqlalchemy_caching.CachingQuery.invalidate_cache": {"executed_lines": [], "summary": {"covered_lines": 0, "num_statements": 0, "percent_covered": 100.0, "percent_covered_display": "100", "missing_lines": 0, "excluded_lines": 8}, "missing_lines": [], "excluded_lines": [137, 138, 139, 140, 141, 142, 143, 144]}, "configure_sqlalchemy_caching.receive_after_flush": {"executed_lines": [], "summary": {"covered_lines": 0, "num_statements": 6, "percent_covered": 0.0, "percent_covered_display": "0", "missing_lines": 6, "excluded_lines": 1}, "missing_lines": [152, 153, 155, 156, 158, 159], "excluded_lines": [149]}, "configure_sqlalchemy_caching.setup_cache_listeners": {"executed_lines": [], "summary": {"covered_lines": 0, "num_statements": 0, "percent_covered": 100.0, "percent_covered_display": "100", "missing_lines": 0, "excluded_lines": 13}, "missing_lines": [], "excluded_lines": [164, 165, 166, 167, 168, 169, 170, 171, 172, 173, 174, 175, 176]}, "configure_sqlalchemy_caching.setup_cache_listeners.receive_refresh": {"executed_lines": [], "summary": {"covered_lines": 0, "num_statements": 0, "percent_covered": 100.0, "percent_covered_display": "100", "missing_lines": 0, "excluded_lines": 3}, "missing_lines": [], "excluded_lines": [177, 178, 179]}, "cache_region": {"executed_lines": [], "summary": {"covered_lines": 0, "num_statements": 0, "percent_covered": 100.0, "percent_covered_display": "100", "missing_lines": 0, "excluded_lines": 13}, "missing_lines": [], "excluded_lines": [194, 195, 196, 197, 198, 199, 200, 201, 202, 203, 204, 242, 243]}, "cache_region.decorator": {"executed_lines": [], "summary": {"covered_lines": 0, "num_statements": 0, "percent_covered": 100.0, "percent_covered_display": "100", "missing_lines": 0, "excluded_lines": 26}, "missing_lines": [], "excluded_lines": [205, 206, 207, 208, 209, 210, 211, 212, 213, 214, 215, 216, 217, 218, 219, 220, 221, 222, 223, 224, 225, 226, 227, 228, 240, 241]}, "cache_region.decorator.wrapper": {"executed_lines": [], "summary": {"covered_lines": 0, "num_statements": 0, "percent_covered": 100.0, "percent_covered_display": "100", "missing_lines": 0, "excluded_lines": 11}, "missing_lines": [], "excluded_lines": [229, 230, 231, 232, 233, 234, 235, 236, 237, 238, 239]}, "": {"executed_lines": [], "summary": {"covered_lines": 0, "num_statements": 4, "percent_covered": 0.0, "percent_covered_display": "0", "missing_lines": 4, "excluded_lines": 12}, "missing_lines": [5, 8, 16, 19], "excluded_lines": [1, 6, 7, 9, 10, 11, 12, 13, 14, 191, 192, 193]}}, "classes": {"configure_sqlalchemy_caching.CachingQuery": {"executed_lines": [], "summary": {"covered_lines": 0, "num_statements": 0, "percent_covered": 100.0, "percent_covered_display": "100", "missing_lines": 0, "excluded_lines": 61}, "missing_lines": [], "excluded_lines": [76, 77, 78, 79, 82, 83, 84, 85, 86, 87, 88, 89, 90, 91, 92, 93, 94, 95, 96, 97, 98, 99, 102, 103, 104, 105, 106, 107, 108, 109, 110, 111, 112, 113, 114, 115, 116, 117, 118, 121, 122, 123, 124, 125, 126, 127, 128, 129, 130, 131, 132, 133, 134, 137, 138, 139, 140, 141, 142, 143, 144]}, "": {"executed_lines": [], "summary": {"covered_lines": 0, "num_statements": 26, "percent_covered": 0.0, "percent_covered_display": "0", "missing_lines": 26, "excluded_lines": 103}, "missing_lines": [5, 8, 16, 19, 25, 26, 27, 29, 36, 38, 39, 62, 67, 147, 148, 152, 153, 155, 156, 158, 159, 182, 184, 186, 187, 188], "excluded_lines": [1, 6, 7, 9, 10, 11, 12, 13, 14, 20, 30, 31, 32, 33, 34, 65, 66, 70, 71, 72, 73, 74, 75, 80, 81, 100, 101, 119, 120, 135, 136, 149, 162, 163, 164, 165, 166, 167, 168, 169, 170, 171, 172, 173, 174, 175, 176, 177, 178, 179, 191, 192, 193, 194, 195, 196, 197, 198, 199, 200, 201, 202, 203, 204, 205, 206, 207, 208, 209, 210, 211, 212, 213, 214, 215, 216, 217, 218, 219, 220, 221, 222, 223, 224, 225, 226, 227, 228, 229, 230, 231, 232, 233, 234, 235, 236, 237, 238, 239, 240, 241, 242, 243]}}}, "app/core/config.py": {"executed_lines": [1, 2, 3, 4, 5, 8, 11, 13, 14, 15, 18, 19, 20, 21, 24, 25, 28, 29, 31, 35, 38, 39, 42, 43, 46, 49, 50, 51, 54, 57, 62, 63, 66, 69, 70, 71, 72, 75, 76, 77, 78, 79, 80, 83, 84, 87, 88, 89, 92, 93, 94, 97, 102, 103, 106, 107, 108, 121, 123, 124, 125, 126, 127, 129, 133, 139, 141, 145, 147, 149, 151, 176, 179, 234], "summary": {"covered_lines": 5, "num_statements": 19, "percent_covered": 26.31578947368421, "percent_covered_display": "26", "missing_lines": 14, "excluded_lines": 171}, "missing_lines": [186, 188, 192, 198, 202, 208, 212, 218, 219, 223, 224, 228, 229, 240], "excluded_lines": [1, 2, 3, 5, 6, 9, 10, 11, 12, 13, 14, 15, 16, 17, 18, 19, 20, 21, 22, 23, 24, 25, 26, 27, 28, 29, 30, 31, 32, 33, 34, 35, 36, 37, 38, 39, 40, 41, 42, 43, 44, 45, 46, 47, 48, 49, 50, 51, 52, 53, 54, 55, 56, 57, 58, 59, 60, 61, 62, 63, 64, 65, 66, 67, 68, 69, 70, 71, 72, 73, 74, 75, 76, 77, 78, 79, 80, 81, 82, 83, 84, 85, 86, 87, 88, 89, 90, 91, 92, 93, 94, 95, 96, 97, 98, 99, 100, 101, 102, 103, 104, 105, 106, 107, 108, 109, 110, 111, 112, 113, 114, 115, 116, 117, 118, 119, 120, 121, 122, 123, 124, 125, 126, 127, 128, 129, 130, 131, 132, 133, 134, 135, 13
[...]
 106, 107, 108, 109, 110, 111, 112, 113, 114, 115, 116, 117, 118, 119, 120, 121, 122]}}}, "app/services/gw2_api.py": {"executed_lines": [1, 8, 9, 10, 12, 13, 14, 16, 17, 20, 24, 25, 27, 28, 29, 30, 31, 32, 33, 34, 35, 36, 39, 40, 42, 43, 44, 45, 46, 47, 48, 49, 50, 53, 54, 56, 57, 58, 59, 60, 61, 62, 63, 64, 67, 68, 70, 71, 72, 73, 74, 75, 76, 77, 80, 81, 83, 101, 210, 214, 223, 241, 248, 265, 272, 295, 302], "summary": {"covered_lines": 15, "num_statements": 120, "percent_covered": 12.5, "percent_covered_display": "12", "missing_lines": 105, "excluded_lines": 93}, "missing_lines": [124, 127, 128, 129, 130, 131, 132, 135, 136, 139, 142, 144, 145, 146, 148, 153, 154, 157, 158, 160, 163, 164, 165, 167, 168, 169, 172, 173, 176, 178, 179, 180, 181, 182, 184, 185, 186, 188, 189, 190, 193, 194, 195, 198, 201, 202, 203, 212, 218, 219, 225, 226, 229, 230, 232, 233, 234, 237, 239, 243, 244, 250, 251, 253, 254, 256, 257, 258, 261, 263, 267, 268, 276, 278, 280, 281, 283, 284, 286, 287, 288, 291, 293, 297, 298, 309, 312, 313, 315, 316, 318, 319, 320, 323, 326, 331, 339, 341, 344, 347, 350, 352, 354, 355, 360], "excluded_lines": [1, 7, 8, 9, 11, 12, 15, 16, 17, 18, 24, 25, 26, 27, 28, 29, 30, 31, 32, 33, 34, 35, 36, 37, 38, 39, 40, 41, 42, 43, 44, 45, 46, 47, 48, 49, 50, 51, 52, 53, 54, 55, 56, 57, 58, 59, 60, 61, 62, 63, 64, 65, 66, 67, 68, 69, 70, 71, 72, 73, 74, 75, 76, 77, 81, 82, 83, 84, 85, 86, 87, 88, 89, 90, 91, 92, 93, 94, 95, 96, 97, 98, 99, 108, 211, 217, 224, 242, 249, 266, 275, 296, 303], "functions": {"GW2APIService.__init__": {"executed_lines": [], "summary": {"covered_lines": 0, "num_statements": 0, "percent_covered": 100.0, "percent_covered_display": "100", "missing_lines": 0, "excluded_lines": 16}, "missing_lines": [], "excluded_lines": [84, 85, 86, 87, 88, 89, 90, 91, 92, 93, 94, 95, 96, 97, 98, 99]}, "GW2APIService._make_request": {"executed_lines": [], "summary": {"covered_lines": 0, "num_statements": 47, "percent_covered": 0.0, "percent_covered_display": "0", "missing_lines": 47, "excluded_lines": 1}, "missing_lines": [124, 127, 128, 129, 130, 131, 132, 135, 136, 139, 142, 144, 145, 146, 148, 153, 154, 157, 158, 160, 163, 164, 165, 167, 168, 169, 172, 173, 176, 178, 179, 180, 181, 182, 184, 185, 186, 188, 189, 190, 193, 194, 195, 198, 201, 202, 203], "excluded_lines": [108]}, "GW2APIService.fetch_professions": {"executed_lines": [], "summary": {"covered_lines": 0, "num_statements": 1, "percent_covered": 0.0, "percent_covered_display": "0", "missing_lines": 1, "excluded_lines": 1}, "missing_lines": [212], "excluded_lines": [211]}, "GW2APIService.fetch_profession_details": {"executed_lines": [], "summary": {"covered_lines": 0, "num_statements": 2, "percent_covered": 0.0, "percent_covered_display": "0", "missing_lines": 2, "excluded_lines": 1}, "missing_lines": [218, 219], "excluded_lines": [217]}, "GW2APIService.fetch_skills": {"executed_lines": [], "summary": {"covered_lines": 0, "num_statements": 9, "percent_covered": 0.0, "percent_covered_display": "0", "missing_lines": 9, "excluded_lines": 1}, "missing_lines": [225, 226, 229, 230, 232, 233, 234, 237, 239], "excluded_lines": [224]}, "GW2APIService.fetch_skill": {"executed_lines": [], "summary": {"covered_lines": 0, "num_statements": 2, "percent_covered": 0.0, "percent_covered_display": "0", "missing_lines": 2, "excluded_lines": 1}, "missing_lines": [243, 244], "excluded_lines": [242]}, "GW2APIService.fetch_traits": {"executed_lines": [], "summary": {"covered_lines": 0, "num_statements": 9, "percent_covered": 0.0, "percent_covered_display": "0", "missing_lines": 9, "excluded_lines": 1}, "missing_lines": [250, 251, 253, 254, 256, 257, 258, 261, 263], "excluded_lines": [249]}, "GW2APIService.fetch_trait": {"executed_lines": [], "summary": {"covered_lines": 0, "num_statements": 2, "percent_covered": 0.0, "percent_covered_display": "0", "missing_lines": 2, "excluded_lines": 1}, "missing_lines": [267, 268], "excluded_lines": [266]}, "GW2APIService.fetch_specializations": {"executed_lines": [], "summary": {"covered_lines": 0, "num_statements": 11, "percent_covered": 0.0, "percent_covered_display": "0", "missing_lines": 11, "excluded_lines": 1}, "missing_lines": [276, 278, 280, 281, 283, 284, 286, 287, 288, 291, 293], "excluded_lines": [275]}, "GW2APIService.fetch_specialization": {"executed_lines": [], "summary": {"covered_lines": 0, "num_statements": 2, "percent_covered": 0.0, "percent_covered_display": "0", "missing_lines": 2, "excluded_lines": 1}, "missing_lines": [297, 298], "excluded_lines": [296]}, "GW2APIService.sync_professions": {"executed_lines": [], "summary": {"covered_lines": 0, "num_statements": 20, "percent_covered": 0.0, "percent_covered_display": "0", "missing_lines": 20, "excluded_lines": 1}, "missing_lines": [309, 312, 313, 315, 316, 318, 319, 320, 323, 326, 331, 339, 341, 344, 347, 350, 352, 354, 355, 360], "excluded_lines": [303]}, "": {"executed_lines": [1, 8, 9, 10, 12, 13, 14, 16, 17, 20, 24, 25, 27, 28, 29, 30, 31, 32, 33, 34, 35, 36, 39, 40, 42, 43, 44, 45, 46, 47, 48, 49, 50, 53, 54, 56, 57, 58, 59, 60, 61, 62, 63, 64, 67, 68, 70, 71, 72, 73, 74, 75, 76, 77, 80, 81, 83, 101, 210, 214, 223, 241, 248, 265, 272, 295, 302], "summary": {"covered_lines": 15, "num_statements": 15, "percent_covered": 100.0, "percent_covered_display": "100", "missing_lines": 0, "excluded_lines": 67}, "missing_lines": [], "excluded_lines": [1, 7, 8, 9, 11, 12, 15, 16, 17, 18, 24, 25, 26, 27, 28, 29, 30, 31, 32, 33, 34, 35, 36, 37, 38, 39, 40, 41, 42, 43, 44, 45, 46, 47, 48, 49, 50, 51, 52, 53, 54, 55, 56, 57, 58, 59, 60, 61, 62, 63, 64, 65, 66, 67, 68, 69, 70, 71, 72, 73, 74, 75, 76, 77, 81, 82, 83]}}, "classes": {"GW2Skill": {"executed_lines": [], "summary": {"covered_lines": 0, "num_statements": 0, "percent_covered": 100.0, "percent_covered_display": "100", "missing_lines": 0, "excluded_lines": 0}, "missing_lines": [], "excluded_lines": []}, "GW2Trait": {"executed_lines": [], "summary": {"covered_lines": 0, "num_statements": 0, "percent_covered": 100.0, "percent_covered_display": "100", "missing_lines": 0, "excluded_lines": 0}, "missing_lines": [], "excluded_lines": []}, "GW2Profession": {"executed_lines": [], "summary": {"covered_lines": 0, "num_statements": 0, "percent_covered": 100.0, "percent_covered_display": "100", "missing_lines": 0, "excluded_lines": 0}, "missing_lines": [], "excluded_lines": []}, "GW2Specialization": {"executed_lines": [], "summary": {"covered_lines": 0, "num_statements": 0, "percent_covered": 100.0, "percent_covered_display": "100", "missing_lines": 0, "excluded_lines": 0}, "missing_lines": [], "excluded_lines": []}, "GW2APIService": {"executed_lines": [], "summary": {"covered_lines": 0, "num_statements": 105, "percent_covered": 0.0, "percent_covered_display": "0", "missing_lines": 105, "excluded_lines": 26}, "missing_lines": [124, 127, 128, 129, 130, 131, 132, 135, 136, 139, 142, 144, 145, 146, 148, 153, 154, 157, 158, 160, 163, 164, 165, 167, 168, 169, 172, 173, 176, 178, 179, 180, 181, 182, 184, 185, 186, 188, 189, 190, 193, 194, 195, 198, 201, 202, 203, 212, 218, 219, 225, 226, 229, 230, 232, 233, 234, 237, 239, 243, 244, 250, 251, 253, 254, 256, 257, 258, 261, 263, 267, 268, 276, 278, 280, 281, 283, 284, 286, 287, 288, 291, 293, 297, 298, 309, 312, 313, 315, 316, 318, 319, 320, 323, 326, 331, 339, 341, 344, 347, 350, 352, 354, 355, 360], "excluded_lines": [84, 85, 86, 87, 88, 89, 90, 91, 92, 93, 94, 95, 96, 97, 98, 99, 108, 211, 217, 224, 242, 249, 266, 275, 296, 303]}, "": {"executed_lines": [1, 8, 9, 10, 12, 13, 14, 16, 17, 20, 24, 25, 27, 28, 29, 30, 31, 32, 33, 34, 35, 36, 39, 40, 42, 43, 44, 45, 46, 47, 48, 49, 50, 53, 54, 56, 57, 58, 59, 60, 61, 62, 63, 64, 67, 68, 70, 71, 72, 73, 74, 75, 76, 77, 80, 81, 83, 101, 210, 214, 223, 241, 248, 265, 272, 295, 302], "summary": {"covered_lines": 15, "num_statements": 15, "percent_covered": 100.0, "percent_covered_display": "100", "missing_lines": 0, "excluded_lines": 67}, "missing_lines": [], "excluded_lines": [1, 7, 8, 9, 11, 12, 15, 16, 17, 18, 24, 25, 26, 27, 28, 29, 30, 31, 32, 33, 34, 35, 36, 37, 38, 39, 40, 41, 42, 43, 44, 45, 46, 47, 48, 49, 50, 51, 52, 53, 54, 55, 56, 57, 58, 59, 60, 61, 62, 63, 64, 65, 66, 67, 68, 69, 70, 71, 72, 73, 74, 75, 76, 77, 81, 82, 83]}}}, "app/services/webhook_service.py": {"executed_lines": [1, 7, 8, 9, 10, 11, 12, 13, 14, 16, 17, 18, 19, 20, 21, 23, 24, 25, 26, 27, 30, 33, 34, 35, 36, 39, 45, 46, 47, 50, 51, 53, 58, 107, 135, 176, 187, 198, 206, 235, 252, 253, 267, 268, 316, 342, 355, 371, 372, 419], "summary": {"covered_lines": 32, "num_statements": 189, "percent_covered": 16.93121693121693, "percent_covered_display": "17", "missing_lines": 157, "excluded_lines": 40}, "missing_lines": [71, 73, 77, 78, 79, 80, 82, 92, 93, 94, 96, 97, 99, 100, 101, 102, 119, 120, 123, 124, 126, 127, 129, 130, 133, 153, 154, 157, 158, 161, 162, 163, 164, 167, 169, 170, 172, 173, 174, 178, 179, 182, 183, 184, 185, 189, 190, 195, 196, 200, 201, 202, 203, 204, 210, 211, 214, 215, 216, 218, 220, 221, 223, 224, 226, 227, 228, 229, 230, 231, 232, 233, 237, 238, 241, 242, 243, 244, 245, 246, 247, 248, 249, 250, 255, 256, 257, 258, 259, 260, 262, 263, 283, 287, 288, 290, 292, 293, 296, 297, 298, 299, 303, 305, 306, 312, 318, 319, 320, 321, 322, 324, 325, 332, 333, 334, 337, 338, 339, 340, 346, 347, 348, 349, 350, 351, 352, 353, 357, 358, 359, 360, 361, 362, 365, 366, 367, 368, 369, 379, 380, 387, 388, 389, 390, 393, 394, 397, 398, 399, 402, 403, 404, 406, 412, 414, 430], "excluded_lines": [1, 6, 7, 8, 9, 10, 11, 12, 13, 15, 16, 18, 19, 20, 21, 22, 23, 24, 25, 51, 52, 53, 54, 55, 56, 59, 110, 142, 177, 188, 199, 209, 236, 254, 274, 317, 345, 356, 378, 422], "functions": {"WebhookService.__init__": {"executed_lines": [], "summary": {"covered_lines": 0, "num_statements": 0, "percent_covered": 100.0, "percent_covered_display": "100", "missing_lines": 0, "excluded_lines": 3}, "missing_lines": [], "excluded_lines": [54, 55, 56]}, "WebhookService.create_webhook": {"executed_lines": [], "summary": {"covered_lines": 0, "num_statements": 16, "percent_covered": 0.0, "percent_covered_display": "0", "missing_lines": 16, "excluded_lines": 1}, "missing_lines": [71, 73, 77, 78, 79, 80, 82, 92, 93, 94, 96, 97, 99, 100, 101, 102], "excluded_lines": [59]}, "WebhookService.get_webhook": {"executed_lines": [], "summary": {"covered_lines": 0, "num_statements": 9, "percent_covered": 0.0, "percent_covered_display": "0", "missing_lines": 9, "excluded_lines": 1}, "missing_lines": [119, 120, 123, 124, 126, 127, 129, 130, 133], "excluded_lines": [110]}, "WebhookService.get_webhooks": {"executed_lines": [], "summary": {"covered_lines": 0, "num_statements": 14, "percent_covered": 0.0, "percent_covered_display": "0", "missing_lines": 14, "excluded_lines": 1}, "missing_lines": [153, 154, 157, 158, 161, 162, 163, 164, 167, 169, 170, 172, 173, 174], "excluded_lines": [142]}, "WebhookService.get_user_webhooks": {"executed_lines": [], "summary": {"covered_lines": 0, "num_statements": 6, "percent_covered": 0.0, "percent_covered_display": "0", "missing_lines": 6, "excluded_lines": 1}, "missing_lines": [178, 179, 182, 183, 184, 185], "excluded_lines": [177]}, "WebhookService.validate_url": {"executed_lines": [], "summary": {"covered_lines": 0, "num_statements": 4, "percent_covered": 0.0, "percent_covered_display": "0", "missing_lines": 4, "excluded_lines": 1}, "missing_lines": [189, 190, 195, 196], "excluded_lines": [188]}, "WebhookService.validate_events": {"executed_lines": [], "summary": {"covered_lines": 0, "num_statements": 5, "percent_covered": 0.0, "percent_covered_display": "0", "missing_lines": 5, "excluded_lines": 1}, "missing_lines": [200, 201, 202, 203, 204], "excluded_lines": [199]}, "WebhookService.update_webhook": {"executed_lines": [], "summary": {"covered_lines": 0, "num_statements": 18, "percent_covered": 0.0, "percent_covered_display": "0", "missing_lines": 18, "excluded_lines": 1}, "missing_lines": [210, 211, 214, 215, 216, 218, 220, 221, 223, 224, 226, 227, 228, 229, 230, 231, 232, 233], "excluded_lines": [209]}, "WebhookService.delete_webhook": {"executed_lines": [], "summary": {"covered_lines": 0, "num_statements": 12, "percent_covered": 0.0, "percent_covered_display": "0", "missing_lines": 12, "excluded_lines": 1}, "missing_lines": [237, 238, 241, 242, 243, 244, 245, 246, 247, 248, 249, 250], "excluded_lines": [236]}, "WebhookService.generate_signature": {"executed_lines": [], "summary": {"covered_lines": 0, "num_statements": 8, "percent_covered": 0.0, "percent_covered_display": "0", "missing_lines": 8, "excluded_lines": 1}, "missing_lines": [255, 256, 257, 258, 259, 260, 262, 263], "excluded_lines": [254]}, "WebhookService.dispatch_webhook": {"executed_lines": [], "summary": {"covered_lines": 0, "num_statements": 14, "percent_covered": 0.0, "percent_covered_display": "0", "missing_lines": 14, "excluded_lines": 1}, "missing_lines": [283, 287, 288, 290, 292, 293, 296, 297, 298, 299, 303, 305, 306, 312], "excluded_lines": [274]}, "WebhookService.send_webhook": {"executed_lines": [], "summary": {"covered_lines": 0, "num_statements": 14, "percent_covered": 0.0, "percent_covered_display": "0", "missing_lines": 14, "excluded_lines": 1}, "missing_lines": [318, 319, 320, 321, 322, 324, 325, 332, 333, 334, 337, 338, 339, 340], "excluded_lines": [317]}, "WebhookService.send_webhook_with_retry": {"executed_lines": [], "summary": {"covered_lines": 0, "num_statements": 8, "percent_covered": 0.0, "percent_covered_display": "0", "missing_lines": 8, "excluded_lines": 1}, "missing_lines": [346, 347, 348, 349, 350, 351, 352, 353], "excluded_lines": [345]}, "WebhookService.process_event": {"executed_lines": [], "summary": {"covered_lines": 0, "num_statements": 11, "percent_covered": 0.0, "percent_covered_display": "0", "missing_lines": 11, "excluded_lines": 1}, "missing_lines": [357, 358, 359, 360, 361, 362, 365, 366, 367, 368, 369], "excluded_lines": [356]}, "WebhookService._send_single_webhook": {"executed_lines": [], "summary": {"covered_lines": 0, "num_statements": 17, "percent_covered": 0.0, "percent_covered_display": "0", "missing_lines": 17, "excluded_lines": 1}, "missing_lines": [379, 380, 387, 388, 389, 390, 393, 394, 397, 398, 399, 402, 403, 404, 406, 412, 414], "excluded_lines": [378]}, "get_webhook_service": {"executed_lines": [], "summary": {"covered_lines": 0, "num_statements": 1, "percent_covered": 0.0, "percent_covered_display": "0", "missing_lines": 1, "excluded_lines": 1}, "missing_lines": [430], "excluded_lines": [422]}, "": {"executed_lines": [1, 7, 8, 9, 10, 11, 12, 13, 14, 16, 17, 18, 19, 20, 21, 23, 24, 25, 26, 27, 30, 33, 34, 35, 36, 39, 45, 46, 47, 50, 51, 53, 58, 107, 135, 176, 187, 198, 206, 235, 252, 253, 267, 268, 316, 342, 355, 371, 372, 419], "summary": {"covered_lines": 32, "num_statements": 32, "percent_covered": 100.0, "percent_covered_display": "100", "missing_lines": 0, "excluded_lines": 22}, "missing_lines": [], "excluded_lines": [1, 6, 7, 8, 9, 10, 11, 12, 13, 15, 16, 18, 19, 20, 21, 22, 23, 24, 25, 51, 52, 53]}}, "classes": {"WebhookService": {"executed_lines": [], "summary": {"covered_lines": 0, "num_statements": 156, "percent_covered": 0.0, "percent_covered_display": "0", "missing_lines": 156, "excluded_lines": 17}, "missing_lines": [71, 73, 77, 78, 79, 80, 82, 92, 93, 94, 96, 97, 99, 100, 101, 102, 119, 120, 123, 124, 126, 127, 129, 130, 133, 153, 154, 157, 158, 161, 162, 163, 164, 167, 169, 170, 172, 173, 174, 178, 179, 182, 183, 184, 185, 189, 190, 195, 196, 200, 201, 202, 203, 204, 210, 211, 214, 215, 216, 218, 220, 221, 223, 224, 226, 227, 228, 229, 230, 231, 232, 233, 237, 238, 241, 242, 243, 244, 245, 246, 247, 248, 249, 250, 255, 256, 257, 258, 259, 260, 262, 263, 283, 287, 288, 290, 292, 293, 296, 297, 298, 299, 303, 305, 306, 312, 318, 319, 320, 321, 322, 324, 325, 332, 333, 334, 337, 338, 339, 340, 346, 347, 348, 349, 350, 351, 352, 353, 357, 358, 359, 360, 361, 362, 365, 366, 367, 368, 369, 379, 380, 387, 388, 389, 390, 393, 394, 397, 398, 399, 402, 403, 404, 406, 412, 414], "excluded_lines": [54, 55, 56, 59, 110, 142, 177, 188, 199, 209, 236, 254, 274, 317, 345, 356, 378]}, "": {"executed_lines": [1, 7, 8, 9, 10, 11, 12, 13, 14, 16, 17, 18, 19, 20, 21, 23, 24, 25, 26, 27, 30, 33, 34, 35, 36, 39, 45, 46, 47, 50, 51, 53, 58, 107, 135, 176, 187, 198, 206, 235, 252, 253, 267, 268, 316, 342, 355, 371, 372, 419], "summary": {"covered_lines": 32, "num_statements": 33, "percent_covered": 96.96969696969697, "percent_covered_display": "97", "missing_lines": 1, "excluded_lines": 23}, "missing_lines": [430], "excluded_lines": [1, 6, 7, 8, 9, 10, 11, 12, 13, 15, 16, 18, 19, 20, 21, 22, 23, 24, 25, 51, 52, 53, 422]}}}, "app/worker.py": {"executed_lines": [], "summary": {"covered_lines": 0, "num_statements": 46, "percent_covered": 0.0, "percent_covered_display": "0", "missing_lines": 46, "excluded_lines": 35}, "missing_lines": [3, 14, 16, 19, 28, 32, 33, 34, 35, 36, 39, 41, 42, 47, 48, 51, 53, 57, 58, 61, 62, 65, 66, 67, 68, 69, 71, 74, 82, 83, 84, 85, 86, 88, 113, 118, 119, 120, 121, 122, 126, 129, 131, 134, 135, 136], "excluded_lines": [1, 2, 4, 5, 6, 7, 8, 9, 10, 11, 20, 75, 89, 90, 91, 92, 93, 94, 95, 96, 97, 98, 99, 100, 101, 102, 103, 104, 105, 106, 107, 108, 109, 110, 114], "functions": {"send_webhook": {"executed_lines": [], "summary": {"covered_lines": 0, "num_statements": 23, "percent_covered": 0.0, "percent_covered_display": "0", "missing_lines": 23, "excluded_lines": 1}, "missing_lines": [28, 32, 33, 34, 35, 36, 39, 41, 42, 47, 48, 51, 53, 57, 58, 61, 62, 65, 66, 67, 68, 69, 71], "excluded_lines": [20]}, "dispatch_webhook_event": {"executed_lines": [], "summary": {"covered_lines": 0, "num_statements": 6, "percent_covered": 0.0, "percent_covered_display": "0", "missing_lines": 6, "excluded_lines": 1}, "missing_lines": [82, 83, 84, 85, 86, 88], "excluded_lines": [75]}, "get_redis_settings": {"executed_lines": [], "summary": {"covered_lines": 0, "num_statements": 0, "percent_covered": 100.0, "percent_covered_display": "100", "missing_lines": 0, "excluded_lines": 19}, "missing_lines": [], "excluded_lines": [92, 93, 94, 95, 96, 97, 98, 99, 100, 101, 102, 103, 104, 105, 106, 107, 108, 109, 110]}, "startup": {"executed_lines": [], "summary": {"covered_lines": 0, "num_statements": 1, "percent_covered": 0.0, "percent_covered_display": "0", "missing_lines": 1, "excluded_lines": 0}, "missing_lines": [131], "excluded_lines": []}, "shutdown": {"executed_lines": [], "summary": {"covered_lines": 0, "num_statements": 2, "percent_covered": 0.0, "percent_covered_display": "0", "missing_lines": 2, "excluded_lines": 0}, "missing_lines": [135, 136], "excluded_lines": []}, "": {"executed_lines": [], "summary": {"covered_lines": 0, "num_statements": 14, "percent_covered": 0.0, "percent_covered_display": "0", "missing_lines": 14, "excluded_lines": 14}, "missing_lines": [3, 14, 16, 19, 74, 113, 118, 119, 120, 121, 122, 126, 129, 134], "excluded_lines": [1, 2, 4, 5, 6, 7, 8, 9, 10, 11, 89, 90, 91, 114]}}, "classes": {"WorkerSettings": {"executed_lines": [], "summary": {"covered_lines": 0, "num_statements": 0, "percent_covered": 100.0, "percent_covered_display": "100", "missing_lines": 0, "excluded_lines": 0}, "missing_lines": [], "excluded_lines": []}, "": {"executed_lines": [], "summary": {"covered_lines": 0, "num_statements": 46, "percent_covered": 0.0, "percent_covered_display": "0", "missing_lines": 46, "excluded_lines": 35}, "missing_lines": [3, 14, 16, 19, 28, 32, 33, 34, 35, 36, 39, 41, 42, 47, 48, 51, 53, 57, 58, 61, 62, 65, 66, 67, 68, 69, 71, 74, 82, 83, 84, 85, 86, 88, 113, 118, 119, 120, 121, 122, 126, 129, 131, 134, 135, 136], "excluded_lines": [1, 2, 4, 5, 6, 7, 8, 9, 10, 11, 20, 75, 89, 90, 91, 92, 93, 94, 95, 96, 97, 98, 99, 100, 101, 102, 103, 104, 105, 106, 107, 108, 109, 110, 114]}}}}, "totals": {"covered_lines": 1017, "num_statements": 3528, "percent_covered": 28.8265306122449, "percent_covered_display": "29", "missing_lines": 2511, "excluded_lines": 12049}}